[Thursday, 10-Nov-22 00:14:44 CET] Received /schedule with GET method 
[Thursday, 10-Nov-22 00:14:44 CET] Received /BestGroup/static/images/defaultprofile.we with GET method 
[Thursday, 10-Nov-22 00:16:35 CET] Received / with GET method 
[Thursday, 10-Nov-22 00:16:35 CET] Answered with index.html
[Thursday, 10-Nov-22 00:16:35 CET] Received /BestGroup/static/images/defaultprofile.we with GET method 
[Thursday, 10-Nov-22 00:16:35 CET] Answered with index.html
[Thursday, 10-Nov-22 00:16:38 CET] Received /schedule with GET method 
[Thursday, 10-Nov-22 00:16:38 CET] Received /BestGroup/static/images/defaultprofile.we with GET method 
[Thursday, 10-Nov-22 00:16:38 CET] Answered with index.html
[Thursday, 10-Nov-22 00:16:44 CET] Received /api/newschedule/ with GET method 
[Thursday, 10-Nov-22 00:16:48 CET] Received /api/getschedule/ with POST method 
[Thursday, 10-Nov-22 00:18:35 CET] Received /api/newschedule/ with GET method 
[Thursday, 10-Nov-22 00:18:35 CET] Answered with Error in query add name to list pq: la valeur d'une clé dupliquée rompt la contrainte unique « schedules_names_schedule_key »
[Thursday, 10-Nov-22 00:18:35 CET] Answered with new schedule created
[Thursday, 10-Nov-22 00:20:55 CET] Received /schedule with GET method 
[Thursday, 10-Nov-22 00:20:55 CET] Received /BestGroup/static/images/defaultprofile.we with GET method 
[Thursday, 10-Nov-22 00:20:55 CET] Answered with index.html
[Thursday, 10-Nov-22 00:21:03 CET] Received /api/newschedule/ with GET method 
[Thursday, 10-Nov-22 00:21:03 CET] Answered with Error in query create table of {{name}} pq: erreur de syntaxe sur ou près de « 3 »
[Thursday, 10-Nov-22 00:21:03 CET] Answered with new schedule created
[Thursday, 10-Nov-22 00:31:11 CET] Received / with GET method 
[Thursday, 10-Nov-22 00:31:14 CET] Received / with GET method 
[Thursday, 10-Nov-22 00:31:15 CET] Received /.DS_Store with GET method 
[Thursday, 10-Nov-22 00:59:30 CET] Received /schedule with GET method 
[Thursday, 10-Nov-22 00:59:30 CET] Received /BestGroup/static/images/defaultprofile.we with GET method 
[Thursday, 10-Nov-22 00:59:33 CET] Received / with GET method 
[Thursday, 10-Nov-22 00:59:33 CET] Answered with index.html
[Thursday, 10-Nov-22 00:59:33 CET] Received /BestGroup/static/images/defaultprofile.we with GET method 
[Thursday, 10-Nov-22 00:59:33 CET] Answered with index.html
[Thursday, 10-Nov-22 00:59:41 CET] Received /schedule with GET method 
[Thursday, 10-Nov-22 00:59:41 CET] Received /BestGroup/static/images/defaultprofile.we with GET method 
[Thursday, 10-Nov-22 00:59:41 CET] Answered with index.html
[Thursday, 10-Nov-22 00:59:51 CET] Received /api/newschedule/ with GET method 
[Thursday, 10-Nov-22 01:01:53 CET] Received /api/newschedule/ with GET method 
[Thursday, 10-Nov-22 01:01:53 CET] Answered with Error in query add name to list pq: la valeur d'une clé dupliquée rompt la contrainte unique « schedules_names_schedule_key »
[Thursday, 10-Nov-22 01:01:53 CET] Answered with new schedule created
[Thursday, 10-Nov-22 01:03:04 CET] Received /schedule with GET method 
[Thursday, 10-Nov-22 01:03:04 CET] Received /BestGroup/static/images/defaultprofile.we with GET method 
[Thursday, 10-Nov-22 01:03:04 CET] Answered with index.html
[Thursday, 10-Nov-22 01:03:11 CET] Received /api/newschedule/ with GET method 
[Thursday, 10-Nov-22 02:50:54 CET] Received / with GET method 
[Thursday, 10-Nov-22 03:46:05 CET] Received / with GET method 
[Thursday, 10-Nov-22 04:03:16 CET] Received / with GET method 
[Thursday, 10-Nov-22 04:07:31 CET] Received /owa/auth/logon.aspx with GET method 
[Thursday, 10-Nov-22 04:16:11 CET] Received /mifs/.;/services/LogService with POST method 
[Thursday, 10-Nov-22 04:24:47 CET] Received /console/ with GET method 
[Thursday, 10-Nov-22 04:24:53 CET] Received / with GET method 
[Thursday, 10-Nov-22 06:06:46 CET] Received /Autodiscover/Autodiscover.xml with POST method 
[Thursday, 10-Nov-22 09:02:30 CET] Received / with GET method 
[Thursday, 10-Nov-22 09:02:58 CET] Received /_ignition/execute-solution with GET method 
[Thursday, 10-Nov-22 10:05:15 CET] Received /autodiscover/autodiscover.json with GET method 
[Thursday, 10-Nov-22 10:21:13 CET] Received /BestGroup/static/images/defaultprofile.we with GET method 
[Thursday, 10-Nov-22 10:21:17 CET] Received /lora with GET method 
[Thursday, 10-Nov-22 10:21:17 CET] Received /BestGroup/static/images/defaultprofile.we with GET method 
[Thursday, 10-Nov-22 10:59:49 CET] Received / with GET method 
[Thursday, 10-Nov-22 13:00:05 CET] Received /explore with GET method 
[Thursday, 10-Nov-22 13:01:34 CET] Received / with GET method 
[Thursday, 10-Nov-22 14:41:03 CET] Received / with GET method 
[Thursday, 10-Nov-22 15:25:02 CET] Received / with GET method 
[Thursday, 10-Nov-22 15:39:51 CET] Received /actuator/health with GET method 
[Thursday, 10-Nov-22 16:06:48 CET] Received / with GET method 
[Thursday, 10-Nov-22 16:06:49 CET] Received /BestGroup/static/images/defaultprofile.we with GET method 
[Thursday, 10-Nov-22 16:06:57 CET] Received / with GET method 
[Thursday, 10-Nov-22 16:06:57 CET] Received /BestGroup/static/images/defaultprofile.we with GET method 
[Thursday, 10-Nov-22 16:07:12 CET] Received /remote/fgt_lang with GET method 
[Thursday, 10-Nov-22 16:08:02 CET] Received / with GET method 
[Thursday, 10-Nov-22 16:08:58 CET] Received / with GET method 
[Thursday, 10-Nov-22 16:08:59 CET] Received /BestGroup/static/images/defaultprofile.we with GET method 
[Thursday, 10-Nov-22 16:09:37 CET] Received / with GET method 
[Thursday, 10-Nov-22 16:10:07 CET] Received / with GET method 
[Thursday, 10-Nov-22 16:10:18 CET] Received / with GET method 
[Thursday, 10-Nov-22 16:10:18 CET] Received /BestGroup/static/images/defaultprofile.we with GET method 
[Thursday, 10-Nov-22 16:10:21 CET] Received / with GET method 
[Thursday, 10-Nov-22 16:10:24 CET] Received /BestGroup/static/images/defaultprofile.we with GET method 
[Thursday, 10-Nov-22 16:11:03 CET] Received / with GET method 
[Thursday, 10-Nov-22 16:11:04 CET] Received /BestGroup/static/images/defaultprofile.we with GET method 
[Thursday, 10-Nov-22 16:11:08 CET] Received / with GET method 
[Thursday, 10-Nov-22 16:11:14 CET] Received / with GET method 
[Thursday, 10-Nov-22 16:11:14 CET] Received /BestGroup/static/images/defaultprofile.we with GET method 
[Thursday, 10-Nov-22 16:11:26 CET] Received / with GET method 
[Thursday, 10-Nov-22 16:11:29 CET] Received / with GET method 
[Thursday, 10-Nov-22 16:11:30 CET] Received /BestGroup/static/images/defaultprofile.we with GET method 
[Thursday, 10-Nov-22 16:11:31 CET] Answered with refused.html
[Thursday, 10-Nov-22 16:11:31 CET] Answered with refused.html
[Thursday, 10-Nov-22 16:11:31 CET] Received /BestGroup/static/images/defaultprofile.we with GET method 
[Thursday, 10-Nov-22 16:11:39 CET] Received / with GET method 
[Thursday, 10-Nov-22 16:11:40 CET] Received /BestGroup/static/images/defaultprofile.we with GET method 
[Thursday, 10-Nov-22 16:11:40 CET] Received / with GET method 
[Thursday, 10-Nov-22 16:11:41 CET] Received /BestGroup/static/images/defaultprofile.we with GET method 
[Thursday, 10-Nov-22 16:11:42 CET] Received / with GET method 
[Thursday, 10-Nov-22 16:11:42 CET] Received /BestGroup/static/images/defaultprofile.we with GET method 
[Thursday, 10-Nov-22 16:11:58 CET] Answered with refused.html
[Thursday, 10-Nov-22 16:11:58 CET] Received /BestGroup/static/images/defaultprofile.we with GET method 
[Thursday, 10-Nov-22 16:12:15 CET] Received / with GET method 
[Thursday, 10-Nov-22 16:12:15 CET] Received /BestGroup/static/images/defaultprofile.we with GET method 
[Thursday, 10-Nov-22 16:13:07 CET] Received / with GET method 
[Thursday, 10-Nov-22 16:13:09 CET] Received /BestGroup/static/images/defaultprofile.we with GET method 
[Thursday, 10-Nov-22 16:13:19 CET] Answered with refused.html
[Thursday, 10-Nov-22 16:19:02 CET] Received / with GET method 
[Thursday, 10-Nov-22 16:19:22 CET] Received / with GET method 
[Thursday, 10-Nov-22 16:19:34 CET] Received / with GET method 
[Thursday, 10-Nov-22 16:19:50 CET] Received / with GET method 
[Thursday, 10-Nov-22 16:19:52 CET] Received / with GET method 
[Thursday, 10-Nov-22 16:19:52 CET] Received / with GET method 
[Thursday, 10-Nov-22 16:19:52 CET] Received / with GET method 
[Thursday, 10-Nov-22 16:19:53 CET] Received / with GET method 
[Thursday, 10-Nov-22 16:19:53 CET] Received / with GET method 
[Thursday, 10-Nov-22 16:41:25 CET] Received / with GET method 
[Thursday, 10-Nov-22 16:54:16 CET] Received /owa/auth/logon.aspx with GET method 
[Thursday, 10-Nov-22 16:59:09 CET] Received /bin/sh with GET method 
[Thursday, 10-Nov-22 17:01:42 CET] Received /ecp/Current/exporttool/microsoft.exchange with GET method 
[Thursday, 10-Nov-22 17:14:59 CET] Received /owa/auth/x.js with GET method 
[Thursday, 10-Nov-22 18:40:43 CET] Received / with GET method 
[Thursday, 10-Nov-22 18:54:33 CET] Received / with GET method 
[Thursday, 10-Nov-22 20:19:04 CET] Received /static../.git/config with GET method 
[Thursday, 10-Nov-22 21:09:41 CET] Received / with GET method 
[Thursday, 10-Nov-22 21:35:51 CET] Received / with GET method 
[Thursday, 10-Nov-22 21:35:53 CET] Received /BestGroup/static/images/defaultprofile.we with GET method 
[Thursday, 10-Nov-22 23:23:53 CET] Received / with GET method 
[Friday, 11-Nov-22 01:50:53 CET] Received / with GET method 
[Friday, 11-Nov-22 01:50:53 CET] Received / with GET method 
[Friday, 11-Nov-22 01:50:54 CET] Received /BestGroup/static/images/defaultprofile.we with GET method 
[Friday, 11-Nov-22 01:52:42 CET] Received /ab2g with GET method 
[Friday, 11-Nov-22 01:52:42 CET] Received /ab2h with GET method 
[Friday, 11-Nov-22 01:52:46 CET] Received / with GET method 
[Friday, 11-Nov-22 02:57:47 CET] Received /.env with GET method 
[Friday, 11-Nov-22 02:57:47 CET] Received / with POST method 
[Friday, 11-Nov-22 03:25:07 CET] Received / with GET method 
[Friday, 11-Nov-22 03:25:08 CET] Received / with GET method 
[Friday, 11-Nov-22 03:25:10 CET] Received /BestGroup/static/images/defaultprofile.we with GET method 
[Friday, 11-Nov-22 03:51:25 CET] Received / with GET method 
[Friday, 11-Nov-22 04:10:05 CET] Received / with GET method 
[Friday, 11-Nov-22 04:20:13 CET] Received /owa/auth/logon.aspx with GET method 
[Friday, 11-Nov-22 04:30:36 CET] Received / with GET method 
[Friday, 11-Nov-22 04:31:13 CET] Received / with GET method 
[Friday, 11-Nov-22 06:11:37 CET] Received / with GET method 
[Friday, 11-Nov-22 06:17:03 CET] Received / with GET method 
[Friday, 11-Nov-22 06:40:41 CET] Received / with GET method 
[Friday, 11-Nov-22 09:13:29 CET] Received / with GET method 
[Friday, 11-Nov-22 09:13:47 CET] Received /robots.txt with GET method 
[Friday, 11-Nov-22 09:13:47 CET] Received /sitemap.xml with GET method 
[Friday, 11-Nov-22 09:13:47 CET] Received /.well-known/security.txt with GET method 
[Friday, 11-Nov-22 09:13:47 CET] Received /BestGroup/static/images/defaultprofile.we with GET method 
[Friday, 11-Nov-22 10:45:04 CET] Received / with GET method 
[Friday, 11-Nov-22 10:46:40 CET] Received /autodiscover/autodiscover.json with GET method 
[Friday, 11-Nov-22 11:19:11 CET] Received / with GET method 
[Friday, 11-Nov-22 11:19:11 CET] Received /BestGroup/static/images/defaultprofile.we with GET method 
[Friday, 11-Nov-22 11:19:14 CET] Received / with GET method 
[Friday, 11-Nov-22 11:19:14 CET] Answered with index.html
[Friday, 11-Nov-22 11:19:14 CET] Received /BestGroup/static/images/defaultprofile.we with GET method 
[Friday, 11-Nov-22 11:19:14 CET] Answered with index.html
[Friday, 11-Nov-22 11:46:22 CET] Received /BestGroup/static/images/defaultprofile.we with GET method 
[Friday, 11-Nov-22 11:46:23 CET] Received / with GET method 
[Friday, 11-Nov-22 12:19:11 CET] Received /ab2g with GET method 
[Friday, 11-Nov-22 12:19:11 CET] Received /ab2h with GET method 
[Friday, 11-Nov-22 12:19:13 CET] Received / with GET method 
[Friday, 11-Nov-22 12:35:41 CET] Received /_ignition/execute-solution with GET method 
[Friday, 11-Nov-22 12:43:39 CET] Received / with GET method 
[Friday, 11-Nov-22 13:30:56 CET] Received /explore with GET method 
[Friday, 11-Nov-22 13:36:16 CET] Received / with GET method 
[Friday, 11-Nov-22 13:44:16 CET] Received / with GET method 
[Friday, 11-Nov-22 13:51:52 CET] Received / with GET method 
[Friday, 11-Nov-22 14:09:31 CET] Received / with GET method 
[Friday, 11-Nov-22 14:09:59 CET] Received /BestGroup/static/images/defaultprofile.we with GET method 
[Friday, 11-Nov-22 14:10:06 CET] Received /robots.txt with GET method 
[Friday, 11-Nov-22 14:10:14 CET] Received /sitemap.xml with GET method 
[Friday, 11-Nov-22 14:29:35 CET] Received / with GET method 
[Friday, 11-Nov-22 14:44:32 CET] Received / with GET method 
[Friday, 11-Nov-22 14:49:37 CET] Received /bin/sh with GET method 
[Friday, 11-Nov-22 15:00:29 CET] Received / with GET method 
[Friday, 11-Nov-22 15:12:36 CET] Received /ab2g with GET method 
[Friday, 11-Nov-22 15:12:36 CET] Received /ab2h with GET method 
[Friday, 11-Nov-22 15:12:39 CET] Received / with GET method 
[Friday, 11-Nov-22 15:20:20 CET] Received / with GET method 
[Friday, 11-Nov-22 15:25:39 CET] Received / with GET method 
[Friday, 11-Nov-22 15:42:33 CET] Received / with GET method 
[Friday, 11-Nov-22 15:42:51 CET] Received /actuator/gateway/routes with GET method 
[Friday, 11-Nov-22 15:44:37 CET] Received / with GET method 
[Friday, 11-Nov-22 15:44:38 CET] Received /BestGroup/static/images/defaultprofile.we with GET method 
[Friday, 11-Nov-22 15:59:50 CET] Received / with GET method 
[Friday, 11-Nov-22 16:47:08 CET] Received / with GET method 
[Friday, 11-Nov-22 16:47:08 CET] Received /BestGroup/static/images/defaultprofile.we with GET method 
[Friday, 11-Nov-22 16:47:11 CET] Received / with GET method 
[Friday, 11-Nov-22 16:47:11 CET] Answered with index.html
[Friday, 11-Nov-22 16:47:11 CET] Received /BestGroup/static/images/defaultprofile.we with GET method 
[Friday, 11-Nov-22 16:47:11 CET] Answered with index.html
[Friday, 11-Nov-22 16:47:17 CET] Received /schedule with GET method 
[Friday, 11-Nov-22 16:47:17 CET] Received /BestGroup/static/images/defaultprofile.we with GET method 
[Friday, 11-Nov-22 16:47:17 CET] Answered with index.html
[Friday, 11-Nov-22 16:55:41 CET] Received /lora with GET method 
[Friday, 11-Nov-22 16:55:41 CET] Answered with lora.html
[Friday, 11-Nov-22 16:55:41 CET] Received /BestGroup/static/images/defaultprofile.we with GET method 
[Friday, 11-Nov-22 16:55:41 CET] Answered with index.html
[Friday, 11-Nov-22 17:05:24 CET] Received /actuator/health with GET method 
[Friday, 11-Nov-22 17:36:26 CET] Received / with GET method 
[Friday, 11-Nov-22 17:36:26 CET] Received /BestGroup/static/images/defaultprofile.we with GET method 
[Friday, 11-Nov-22 19:35:27 CET] Received / with GET method 
[Friday, 11-Nov-22 19:40:51 CET] Received / with GET method 
[Friday, 11-Nov-22 21:42:36 CET] Received /lora with GET method 
[Friday, 11-Nov-22 21:42:38 CET] Received /BestGroup/static/images/defaultprofile.we with GET method 
[Friday, 11-Nov-22 21:42:45 CET] Received / with GET method 
[Friday, 11-Nov-22 21:42:45 CET] Answered with index.html
[Friday, 11-Nov-22 21:42:46 CET] Received /BestGroup/static/images/defaultprofile.we with GET method 
[Friday, 11-Nov-22 21:42:46 CET] Answered with index.html
[Friday, 11-Nov-22 21:42:50 CET] Received /lora with GET method 
[Friday, 11-Nov-22 21:42:50 CET] Answered with lora.html
[Friday, 11-Nov-22 21:42:50 CET] Received /BestGroup/static/images/defaultprofile.we with GET method 
[Friday, 11-Nov-22 21:42:50 CET] Answered with index.html
[Friday, 11-Nov-22 21:42:56 CET] Received /BestGroup/static/images/defaultprofile.we with GET method 
[Friday, 11-Nov-22 21:42:56 CET] Answered with index.html
[Friday, 11-Nov-22 21:42:56 CET] Received /schedule with GET method 
[Friday, 11-Nov-22 21:42:57 CET] Received /BestGroup/static/images/defaultprofile.we with GET method 
[Friday, 11-Nov-22 21:42:57 CET] Answered with index.html
[Friday, 11-Nov-22 21:43:09 CET] Received /schedule with GET method 
[Friday, 11-Nov-22 21:43:09 CET] Received /BestGroup/static/images/defaultprofile.we with GET method 
[Friday, 11-Nov-22 21:43:09 CET] Answered with index.html
[Friday, 11-Nov-22 21:43:13 CET] Received /schedule with GET method 
[Friday, 11-Nov-22 21:43:13 CET] Received /BestGroup/static/images/defaultprofile.we with GET method 
[Friday, 11-Nov-22 21:43:13 CET] Answered with index.html
[Friday, 11-Nov-22 21:43:20 CET] Received /BestGroup/static/images/defaultprofile.we with GET method 
[Friday, 11-Nov-22 21:43:20 CET] Answered with index.html
[Friday, 11-Nov-22 22:30:36 CET] Received / with GET method 
[Friday, 11-Nov-22 22:39:04 CET] Received / with GET method 
[Friday, 11-Nov-22 23:03:15 CET] Received /version with GET method 
[Friday, 11-Nov-22 23:43:51 CET] Received / with GET method 
[Friday, 11-Nov-22 23:46:28 CET] Received / with GET method 
[Saturday, 12-Nov-22 00:13:38 CET] Received / with GET method 
[Saturday, 12-Nov-22 00:47:59 CET] Received / with GET method 
[Saturday, 12-Nov-22 00:51:09 CET] Received / with GET method 
[Saturday, 12-Nov-22 01:04:03 CET] Received / with GET method 
[Saturday, 12-Nov-22 01:28:13 CET] Received / with GET method 
[Saturday, 12-Nov-22 02:03:21 CET] Received / with GET method 
[Saturday, 12-Nov-22 02:11:14 CET] Received /actuator/gateway/routes with GET method 
[Saturday, 12-Nov-22 02:11:44 CET] Received / with GET method 
[Saturday, 12-Nov-22 02:11:44 CET] Received / with GET method 
[Saturday, 12-Nov-22 02:11:46 CET] Received /BestGroup/static/images/defaultprofile.we with GET method 
[Saturday, 12-Nov-22 03:07:25 CET] Received / with GET method 
[Saturday, 12-Nov-22 03:34:55 CET] Received / with GET method 
[Saturday, 12-Nov-22 03:50:06 CET] Received / with GET method 
[Saturday, 12-Nov-22 03:59:32 CET] Received / with GET method 
[Saturday, 12-Nov-22 04:08:57 CET] Received / with GET method 
[Saturday, 12-Nov-22 04:12:06 CET] Received / with GET method 
[Saturday, 12-Nov-22 04:14:26 CET] Received /owa/auth/logon.aspx with GET method 
[Saturday, 12-Nov-22 04:14:49 CET] Received /ab2g with GET method 
[Saturday, 12-Nov-22 04:14:49 CET] Received /ab2h with GET method 
[Saturday, 12-Nov-22 04:14:52 CET] Received / with GET method 
[Saturday, 12-Nov-22 04:21:17 CET] Received /.env with GET method 
[Saturday, 12-Nov-22 04:21:18 CET] Received /.env with POST method 
[Saturday, 12-Nov-22 04:21:18 CET] Received /.aws/credentials with GET method 
[Saturday, 12-Nov-22 04:21:18 CET] Received /.aws/credentials with POST method 
[Saturday, 12-Nov-22 04:21:19 CET] Received /.aws/config with GET method 
[Saturday, 12-Nov-22 04:21:20 CET] Received /.aws/config with POST method 
[Saturday, 12-Nov-22 04:21:21 CET] Received /aws/credentials with GET method 
[Saturday, 12-Nov-22 04:21:21 CET] Received /aws/credentials with POST method 
[Saturday, 12-Nov-22 04:21:22 CET] Received /credentials with GET method 
[Saturday, 12-Nov-22 04:21:22 CET] Received /credentials with POST method 
[Saturday, 12-Nov-22 04:21:24 CET] Received /test.php with GET method 
[Saturday, 12-Nov-22 04:21:24 CET] Received /test.php with POST method 
[Saturday, 12-Nov-22 04:21:24 CET] Received /laravel/.env with GET method 
[Saturday, 12-Nov-22 04:21:25 CET] Received /laravel/.env with POST method 
[Saturday, 12-Nov-22 04:21:26 CET] Received /demo/.env with GET method 
[Saturday, 12-Nov-22 04:24:47 CET] Received /demo/.env with POST method 
[Saturday, 12-Nov-22 04:24:49 CET] Received /web/.env with GET method 
[Saturday, 12-Nov-22 04:24:52 CET] Received /web/.env with POST method 
[Saturday, 12-Nov-22 04:24:57 CET] Received /phpinfo with GET method 
[Saturday, 12-Nov-22 04:25:00 CET] Received /phpinfo with POST method 
[Saturday, 12-Nov-22 04:32:35 CET] Received / with GET method 
[Saturday, 12-Nov-22 04:34:41 CET] Received / with GET method 
[Saturday, 12-Nov-22 04:53:05 CET] Received /explore with GET method 
[Saturday, 12-Nov-22 04:59:48 CET] Received / with GET method 
[Saturday, 12-Nov-22 05:27:15 CET] Received / with GET method 
[Saturday, 12-Nov-22 05:32:08 CET] Received / with GET method 
[Saturday, 12-Nov-22 06:49:05 CET] Received /.git/config with GET method 
[Saturday, 12-Nov-22 06:49:11 CET] Received /.git/config with GET method 
[Saturday, 12-Nov-22 07:17:41 CET] Received / with HEAD method 
[Saturday, 12-Nov-22 07:17:42 CET] Received /info.php with GET method 
[Saturday, 12-Nov-22 07:17:43 CET] Received /phpinfo.php with GET method 
[Saturday, 12-Nov-22 07:17:45 CET] Received /_profiler/phpinfo with GET method 
[Saturday, 12-Nov-22 07:17:46 CET] Received /debug/default/view with GET method 
[Saturday, 12-Nov-22 08:07:09 CET] Received / with GET method 
[Saturday, 12-Nov-22 08:07:26 CET] Received /BestGroup/static/images/defaultprofile.we with GET method 
[Saturday, 12-Nov-22 08:07:28 CET] Received / with GET method 
[Saturday, 12-Nov-22 08:07:31 CET] Received /BestGroup/static/images/defaultprofile.we with GET method 
[Saturday, 12-Nov-22 08:07:34 CET] Received /robots.txt with GET method 
[Saturday, 12-Nov-22 08:33:47 CET] Received / with GET method 
[Saturday, 12-Nov-22 09:39:30 CET] Received / with GET method 
[Saturday, 12-Nov-22 09:39:30 CET] Received / with GET method 
[Saturday, 12-Nov-22 09:39:31 CET] Received /BestGroup/static/images/defaultprofile.we with GET method 
[Saturday, 12-Nov-22 10:07:45 CET] Received / with GET method 
[Saturday, 12-Nov-22 11:11:40 CET] Received / with GET method 
[Saturday, 12-Nov-22 13:15:34 CET] Received /robots.txt with GET method 
[Saturday, 12-Nov-22 13:18:24 CET] Received / with GET method 
[Saturday, 12-Nov-22 14:51:19 CET] Received /autodiscover/autodiscover.json with GET method 
[Saturday, 12-Nov-22 15:13:23 CET] Received / with GET method 
[Saturday, 12-Nov-22 15:31:59 CET] Received / with GET method 
[Saturday, 12-Nov-22 17:54:23 CET] Received /api/consumer/user/common/applet/code with GET method 
[Saturday, 12-Nov-22 17:58:53 CET] Received / with GET method 
[Saturday, 12-Nov-22 18:35:42 CET] Received /service/rest/swagger.json with GET method 
[Saturday, 12-Nov-22 18:49:24 CET] Received / with GET method 
[Saturday, 12-Nov-22 19:07:43 CET] Received / with GET method 
[Saturday, 12-Nov-22 19:17:01 CET] Received / with GET method 
[Saturday, 12-Nov-22 19:17:39 CET] Received /remote/fgt_lang with GET method 
[Saturday, 12-Nov-22 19:23:08 CET] Received /BestGroup/static/images/defaultprofile.we with GET method 
[Saturday, 12-Nov-22 19:23:11 CET] Received / with GET method 
[Saturday, 12-Nov-22 19:23:13 CET] Received /BestGroup/static/images/defaultprofile.we with GET method 
[Saturday, 12-Nov-22 19:23:17 CET] Received /robots.txt with GET method 
[Saturday, 12-Nov-22 20:20:56 CET] Received /actuator/gateway/routes with GET method 
[Saturday, 12-Nov-22 21:48:56 CET] Received /ab2g with GET method 
[Saturday, 12-Nov-22 21:48:58 CET] Received /ab2h with GET method 
[Saturday, 12-Nov-22 23:46:21 CET] Received / with GET method 
[Sunday, 13-Nov-22 00:25:34 CET] Received / with GET method 
[Sunday, 13-Nov-22 00:26:26 CET] Received /BestGroup/static/images/defaultprofile.we with GET method 
[Sunday, 13-Nov-22 00:26:29 CET] Received / with GET method 
[Sunday, 13-Nov-22 00:26:35 CET] Received /BestGroup/static/images/defaultprofile.we with GET method 
[Sunday, 13-Nov-22 00:26:39 CET] Received /robots.txt with GET method 
[Sunday, 13-Nov-22 00:46:31 CET] Received / with GET method 
[Sunday, 13-Nov-22 00:46:53 CET] Received /BestGroup/static/images/defaultprofile.we with GET method 
[Sunday, 13-Nov-22 01:59:45 CET] Received / with GET method 
[Sunday, 13-Nov-22 02:03:16 CET] Received /ab2g with GET method 
[Sunday, 13-Nov-22 02:03:16 CET] Received /ab2h with GET method 
[Sunday, 13-Nov-22 02:03:18 CET] Received / with GET method 
[Sunday, 13-Nov-22 02:14:34 CET] Received / with GET method 
[Sunday, 13-Nov-22 02:25:25 CET] Received / with GET method 
[Sunday, 13-Nov-22 02:38:33 CET] Received / with GET method 
[Sunday, 13-Nov-22 03:26:07 CET] Received / with HEAD method 
[Sunday, 13-Nov-22 04:19:05 CET] Received /owa/auth/logon.aspx with GET method 
[Sunday, 13-Nov-22 04:38:45 CET] Received / with GET method 
[Sunday, 13-Nov-22 04:42:41 CET] Received / with GET method 
[Sunday, 13-Nov-22 06:52:05 CET] Received / with GET method 
[Sunday, 13-Nov-22 07:06:48 CET] Received /actuator/health with GET method 
[Sunday, 13-Nov-22 07:13:20 CET] Received / with GET method 
[Sunday, 13-Nov-22 08:33:24 CET] Received /ab2g with GET method 
[Sunday, 13-Nov-22 08:33:28 CET] Received /ab2h with GET method 
[Sunday, 13-Nov-22 08:33:31 CET] Received / with GET method 
[Sunday, 13-Nov-22 08:46:20 CET] Received / with GET method 
[Sunday, 13-Nov-22 10:29:19 CET] Received / with GET method 
[Sunday, 13-Nov-22 10:29:19 CET] Received / with OPTIONS method 
[Sunday, 13-Nov-22 10:29:19 CET] Received /nice ports,/Trinity.txt.bak with GET method 
[Sunday, 13-Nov-22 10:29:48 CET] Received /Portal0000.htm with GET method 
[Sunday, 13-Nov-22 10:29:48 CET] Received /nmaplowercheck1668331788 with GET method 
[Sunday, 13-Nov-22 10:29:48 CET] Received /default.jsa with GET method 
[Sunday, 13-Nov-22 10:29:48 CET] Received /Portal/Portal.mwsl with GET method 
[Sunday, 13-Nov-22 10:29:48 CET] Received /CSS/Miniweb.css with GET method 
[Sunday, 13-Nov-22 10:29:48 CET] Received / with GET method 
[Sunday, 13-Nov-22 10:29:48 CET] Received /sdk with POST method 
[Sunday, 13-Nov-22 10:29:48 CET] Received /scripts/WPnBr.dll with POST method 
[Sunday, 13-Nov-22 10:29:49 CET] Received / with GET method 
[Sunday, 13-Nov-22 10:29:49 CET] Received / with GET method 
[Sunday, 13-Nov-22 10:29:49 CET] Received /lQUJ with GET method 
[Sunday, 13-Nov-22 10:29:49 CET] Received /.git/HEAD with GET method 
[Sunday, 13-Nov-22 10:29:50 CET] Received /docs/cplugError.html/ with GET method 
[Sunday, 13-Nov-22 10:29:50 CET] Received /__Additional with GET method 
[Sunday, 13-Nov-22 10:29:50 CET] Received /HNAP1 with GET method 
[Sunday, 13-Nov-22 10:29:50 CET] Received / with HEAD method 
[Sunday, 13-Nov-22 10:29:51 CET] Received / with GET method 
[Sunday, 13-Nov-22 10:29:51 CET] Received / with GET method 
[Sunday, 13-Nov-22 10:29:52 CET] Received / with GET method 
[Sunday, 13-Nov-22 10:30:11 CET] Received / with GET method 
[Sunday, 13-Nov-22 10:34:57 CET] Received / with GET method 
[Sunday, 13-Nov-22 10:35:09 CET] Received /BestGroup/static/images/defaultprofile.we with GET method 
[Sunday, 13-Nov-22 10:35:11 CET] Received / with GET method 
[Sunday, 13-Nov-22 10:35:42 CET] Received /robots.txt with GET method 
[Sunday, 13-Nov-22 12:58:46 CET] Received /api/consumer/user/common/applet/code with GET method 
[Sunday, 13-Nov-22 13:38:49 CET] Received /cgi-bin/config.exp with GET method 
[Sunday, 13-Nov-22 13:53:31 CET] Received /owa/auth/logon.aspx with GET method 
[Sunday, 13-Nov-22 14:00:09 CET] Received /ecp/Current/exporttool/microsoft.exchange with GET method 
[Sunday, 13-Nov-22 14:05:42 CET] Received /owa/auth/x.js with GET method 
[Sunday, 13-Nov-22 15:44:03 CET] Received / with GET method 
[Sunday, 13-Nov-22 16:19:46 CET] Received / with GET method 
[Sunday, 13-Nov-22 16:27:29 CET] Received / with GET method 
[Sunday, 13-Nov-22 16:27:36 CET] Received /BestGroup/static/images/defaultprofile.we with GET method 
[Sunday, 13-Nov-22 16:27:38 CET] Received / with GET method 
[Sunday, 13-Nov-22 16:27:41 CET] Received /BestGroup/static/images/defaultprofile.we with GET method 
[Sunday, 13-Nov-22 16:27:45 CET] Received /robots.txt with GET method 
[Sunday, 13-Nov-22 16:48:50 CET] Received / with GET method 
[Sunday, 13-Nov-22 17:11:33 CET] Received /ab2g with GET method 
[Sunday, 13-Nov-22 17:11:34 CET] Received /ab2h with GET method 
[Sunday, 13-Nov-22 17:11:35 CET] Received / with GET method 
[Sunday, 13-Nov-22 17:37:43 CET] Received / with GET method 
[Sunday, 13-Nov-22 17:37:45 CET] Received /BestGroup/static/images/defaultprofile.we with GET method 
[Sunday, 13-Nov-22 17:53:22 CET] Received /actuator/gateway/routes with GET method 
[Sunday, 13-Nov-22 18:36:49 CET] Received /autodiscover/autodiscover.json with GET method 
[Sunday, 13-Nov-22 20:23:39 CET] Received / with GET method 
[Sunday, 13-Nov-22 20:23:40 CET] Received / with GET method 
[Sunday, 13-Nov-22 20:23:42 CET] Received /BestGroup/static/images/defaultprofile.we with GET method 
[Sunday, 13-Nov-22 21:31:51 CET] Received / with GET method 
[Sunday, 13-Nov-22 22:51:53 CET] Received /ab2g with GET method 
[Sunday, 13-Nov-22 22:51:53 CET] Received /ab2h with GET method 
[Sunday, 13-Nov-22 22:51:55 CET] Received / with GET method 
[Monday, 14-Nov-22 02:09:24 CET] Received / with GET method 
[Monday, 14-Nov-22 02:09:29 CET] Received /webfig/ with GET method 
[Monday, 14-Nov-22 02:09:38 CET] Received /solr/ with GET method 
[Monday, 14-Nov-22 03:23:52 CET] Received /explore with GET method 
[Monday, 14-Nov-22 04:25:23 CET] Received /owa/auth/logon.aspx with GET method 
[Monday, 14-Nov-22 04:42:17 CET] Received / with GET method 
[Monday, 14-Nov-22 04:47:31 CET] Received / with GET method 
[Monday, 14-Nov-22 04:50:47 CET] Received / with GET method 
[Monday, 14-Nov-22 04:56:44 CET] Received /BestGroup/static/images/defaultprofile.we with GET method 
[Monday, 14-Nov-22 04:56:46 CET] Received / with GET method 
[Monday, 14-Nov-22 04:56:48 CET] Received /BestGroup/static/images/defaultprofile.we with GET method 
[Monday, 14-Nov-22 04:56:52 CET] Received /robots.txt with GET method 
[Monday, 14-Nov-22 05:26:38 CET] Received /.env with GET method 
[Monday, 14-Nov-22 06:08:54 CET] Received /.env with GET method 
[Monday, 14-Nov-22 06:08:54 CET] Received /.env with POST method 
[Monday, 14-Nov-22 06:08:55 CET] Received /.aws/credentials with GET method 
[Monday, 14-Nov-22 06:08:55 CET] Received /.aws/credentials with POST method 
[Monday, 14-Nov-22 06:08:55 CET] Received /.aws/config with GET method 
[Monday, 14-Nov-22 06:08:56 CET] Received /.aws/config with POST method 
[Monday, 14-Nov-22 06:08:56 CET] Received /aws/credentials with GET method 
[Monday, 14-Nov-22 06:08:56 CET] Received /aws/credentials with POST method 
[Monday, 14-Nov-22 06:08:57 CET] Received /credentials with GET method 
[Monday, 14-Nov-22 06:08:57 CET] Received /credentials with POST method 
[Monday, 14-Nov-22 06:08:58 CET] Received /test.php with GET method 
[Monday, 14-Nov-22 06:08:58 CET] Received /test.php with POST method 
[Monday, 14-Nov-22 06:08:58 CET] Received /laravel/.env with GET method 
[Monday, 14-Nov-22 06:08:59 CET] Received /laravel/.env with POST method 
[Monday, 14-Nov-22 06:08:59 CET] Received /demo/.env with GET method 
[Monday, 14-Nov-22 06:09:00 CET] Received /demo/.env with POST method 
[Monday, 14-Nov-22 06:09:00 CET] Received /web/.env with GET method 
[Monday, 14-Nov-22 06:09:00 CET] Received /web/.env with POST method 
[Monday, 14-Nov-22 06:09:01 CET] Received /phpinfo with GET method 
[Monday, 14-Nov-22 06:09:01 CET] Received /phpinfo with POST method 
[Monday, 14-Nov-22 07:02:57 CET] Received /robots.txt with GET method 
[Monday, 14-Nov-22 07:02:59 CET] Received / with GET method 
[Monday, 14-Nov-22 07:07:10 CET] Received / with GET method 
[Monday, 14-Nov-22 07:41:32 CET] Received / with GET method 
[Monday, 14-Nov-22 07:57:30 CET] Received / with GET method 
[Monday, 14-Nov-22 08:43:32 CET] Received /actuator/health with GET method 
[Monday, 14-Nov-22 10:18:55 CET] Received / with GET method 
[Monday, 14-Nov-22 10:19:22 CET] Received /robots.txt with GET method 
[Monday, 14-Nov-22 10:19:23 CET] Received /sitemap.xml with GET method 
[Monday, 14-Nov-22 10:19:23 CET] Received /.well-known/security.txt with GET method 
[Monday, 14-Nov-22 10:19:24 CET] Received /BestGroup/static/images/defaultprofile.we with GET method 
[Monday, 14-Nov-22 10:43:30 CET] Received / with GET method 
[Monday, 14-Nov-22 10:48:28 CET] Received /BestGroup/static/images/defaultprofile.we with GET method 
[Monday, 14-Nov-22 10:48:31 CET] Received / with GET method 
[Monday, 14-Nov-22 10:48:33 CET] Received /BestGroup/static/images/defaultprofile.we with GET method 
[Monday, 14-Nov-22 10:48:41 CET] Received /robots.txt with GET method 
[Monday, 14-Nov-22 12:11:38 CET] Received /t5 with POST method 
[Monday, 14-Nov-22 12:49:31 CET] Received / with GET method 
[Monday, 14-Nov-22 12:49:31 CET] Received /BestGroup/static/images/defaultprofile.we with GET method 
[Monday, 14-Nov-22 13:58:30 CET] Received / with GET method 
[Monday, 14-Nov-22 15:21:25 CET] Received / with GET method 
[Monday, 14-Nov-22 15:52:27 CET] Received /actuator/gateway/routes with GET method 
[Monday, 14-Nov-22 16:25:17 CET] Received / with GET method 
[Monday, 14-Nov-22 16:27:49 CET] Received /BestGroup/static/images/defaultprofile.we with GET method 
[Monday, 14-Nov-22 16:27:52 CET] Received / with GET method 
[Monday, 14-Nov-22 16:27:56 CET] Received /BestGroup/static/images/defaultprofile.we with GET method 
[Monday, 14-Nov-22 16:28:04 CET] Received /robots.txt with GET method 
[Monday, 14-Nov-22 17:59:39 CET] Received / with GET method 
[Monday, 14-Nov-22 18:02:51 CET] Received /ab2g with GET method 
[Monday, 14-Nov-22 18:02:52 CET] Received /ab2h with GET method 
[Monday, 14-Nov-22 18:02:53 CET] Received / with GET method 
[Monday, 14-Nov-22 18:41:24 CET] Received / with GET method 
[Monday, 14-Nov-22 18:57:39 CET] Received /remote/fgt_lang with GET method 
[Monday, 14-Nov-22 19:39:28 CET] Received / with GET method 
[Monday, 14-Nov-22 20:04:46 CET] Received / with GET method 
[Monday, 14-Nov-22 20:44:12 CET] Received / with GET method 
[Monday, 14-Nov-22 20:44:13 CET] Received /BestGroup/static/images/defaultprofile.we with GET method 
[Monday, 14-Nov-22 20:48:48 CET] Received / with GET method 
[Monday, 14-Nov-22 20:48:48 CET] Received /BestGroup/static/images/defaultprofile.we with GET method 
[Monday, 14-Nov-22 20:49:38 CET] Answered with refused.html
[Monday, 14-Nov-22 20:49:38 CET] Answered with refused.html
[Monday, 14-Nov-22 20:49:39 CET] Received /BestGroup/static/images/defaultprofile.we with GET method 
[Monday, 14-Nov-22 21:03:21 CET] Received / with GET method 
[Monday, 14-Nov-22 21:03:21 CET] Answered with index.html
[Monday, 14-Nov-22 21:03:21 CET] Received /BestGroup/static/images/defaultprofile.we with GET method 
[Monday, 14-Nov-22 21:03:21 CET] Answered with index.html
[Monday, 14-Nov-22 21:03:23 CET] Received /lora with GET method 
[Monday, 14-Nov-22 21:03:23 CET] Answered with lora.html
[Monday, 14-Nov-22 21:03:23 CET] Received /BestGroup/static/images/defaultprofile.we with GET method 
[Monday, 14-Nov-22 21:03:23 CET] Answered with index.html
[Monday, 14-Nov-22 21:04:03 CET] Received /webhooks/post with POST method 
[Monday, 14-Nov-22 21:04:03 CET] Answered with Node found first
[Monday, 14-Nov-22 21:04:03 CET] Answered with Node found two, adding data
[Monday, 14-Nov-22 21:04:03 CET] Answered with Node found, adding data
[Monday, 14-Nov-22 21:04:03 CET] Answered with request validated
[Monday, 14-Nov-22 21:04:05 CET] Answered with up to date
[Monday, 14-Nov-22 21:04:07 CET] Answered with up to date
[Monday, 14-Nov-22 21:04:09 CET] Answered with up to date
[Monday, 14-Nov-22 21:04:11 CET] Answered with up to date
[Monday, 14-Nov-22 21:04:13 CET] Answered with up to date
[Monday, 14-Nov-22 21:04:15 CET] Answered with up to date
[Monday, 14-Nov-22 21:04:17 CET] Answered with up to date
[Monday, 14-Nov-22 21:04:19 CET] Answered with up to date
[Monday, 14-Nov-22 21:04:21 CET] Answered with up to date
[Monday, 14-Nov-22 21:04:23 CET] Answered with up to date
[Monday, 14-Nov-22 21:04:25 CET] Answered with up to date
[Monday, 14-Nov-22 21:04:28 CET] Answered with up to date
[Monday, 14-Nov-22 21:04:30 CET] Answered with up to date
[Monday, 14-Nov-22 21:04:32 CET] Answered with up to date
[Monday, 14-Nov-22 21:04:34 CET] Answered with up to date
[Monday, 14-Nov-22 21:04:36 CET] Answered with up to date
[Monday, 14-Nov-22 21:04:38 CET] Answered with up to date
[Monday, 14-Nov-22 21:04:40 CET] Answered with up to date
[Monday, 14-Nov-22 21:04:42 CET] Answered with up to date
[Monday, 14-Nov-22 21:04:44 CET] Answered with up to date
[Monday, 14-Nov-22 21:04:46 CET] Answered with up to date
[Monday, 14-Nov-22 21:04:48 CET] Answered with up to date
[Monday, 14-Nov-22 21:04:50 CET] Answered with up to date
[Monday, 14-Nov-22 21:04:52 CET] Answered with up to date
[Monday, 14-Nov-22 21:04:54 CET] Answered with up to date
[Monday, 14-Nov-22 21:04:56 CET] Answered with up to date
[Monday, 14-Nov-22 21:04:58 CET] Answered with up to date
[Monday, 14-Nov-22 21:05:00 CET] Answered with up to date
[Monday, 14-Nov-22 21:05:02 CET] Answered with up to date
[Monday, 14-Nov-22 21:05:04 CET] Answered with up to date
[Monday, 14-Nov-22 21:05:06 CET] Answered with up to date
[Monday, 14-Nov-22 21:05:08 CET] Answered with up to date
[Monday, 14-Nov-22 21:05:10 CET] Answered with up to date
[Monday, 14-Nov-22 21:05:12 CET] Answered with up to date
[Monday, 14-Nov-22 21:05:14 CET] Answered with up to date
[Monday, 14-Nov-22 21:05:16 CET] Answered with up to date
[Monday, 14-Nov-22 21:05:18 CET] Answered with up to date
[Monday, 14-Nov-22 21:05:20 CET] Answered with up to date
[Monday, 14-Nov-22 21:05:22 CET] Answered with up to date
[Monday, 14-Nov-22 21:05:24 CET] Answered with up to date
[Monday, 14-Nov-22 21:05:26 CET] Answered with up to date
[Monday, 14-Nov-22 21:05:28 CET] Answered with up to date
[Monday, 14-Nov-22 21:05:30 CET] Answered with up to date
[Monday, 14-Nov-22 21:05:32 CET] Answered with up to date
[Monday, 14-Nov-22 21:05:34 CET] Answered with up to date
[Monday, 14-Nov-22 21:05:37 CET] Answered with up to date
[Monday, 14-Nov-22 21:05:39 CET] Answered with up to date
[Monday, 14-Nov-22 21:05:41 CET] Answered with up to date
[Monday, 14-Nov-22 21:05:43 CET] Answered with up to date
[Monday, 14-Nov-22 21:05:45 CET] Answered with up to date
[Monday, 14-Nov-22 21:05:47 CET] Answered with up to date
[Monday, 14-Nov-22 21:05:49 CET] Answered with up to date
[Monday, 14-Nov-22 21:05:51 CET] Answered with up to date
[Monday, 14-Nov-22 21:05:53 CET] Answered with up to date
[Monday, 14-Nov-22 21:05:55 CET] Answered with up to date
[Monday, 14-Nov-22 21:05:57 CET] Answered with up to date
[Monday, 14-Nov-22 21:05:59 CET] Answered with up to date
[Monday, 14-Nov-22 21:06:01 CET] Answered with up to date
[Monday, 14-Nov-22 21:06:03 CET] Answered with up to date
[Monday, 14-Nov-22 21:06:05 CET] Answered with up to date
[Monday, 14-Nov-22 21:06:07 CET] Answered with up to date
[Monday, 14-Nov-22 21:06:09 CET] Answered with up to date
[Monday, 14-Nov-22 21:06:11 CET] Answered with up to date
[Monday, 14-Nov-22 21:06:13 CET] Answered with up to date
[Monday, 14-Nov-22 21:06:15 CET] Answered with up to date
[Monday, 14-Nov-22 21:06:17 CET] Answered with up to date
[Monday, 14-Nov-22 21:06:19 CET] Answered with up to date
[Monday, 14-Nov-22 21:06:21 CET] Answered with up to date
[Monday, 14-Nov-22 21:06:23 CET] Answered with up to date
[Monday, 14-Nov-22 21:06:25 CET] Answered with up to date
[Monday, 14-Nov-22 21:06:27 CET] Answered with up to date
[Monday, 14-Nov-22 21:06:29 CET] Answered with up to date
[Monday, 14-Nov-22 21:06:31 CET] Answered with up to date
[Monday, 14-Nov-22 21:06:33 CET] Answered with up to date
[Monday, 14-Nov-22 21:06:35 CET] Answered with up to date
[Monday, 14-Nov-22 21:06:37 CET] Answered with up to date
[Monday, 14-Nov-22 21:06:39 CET] Answered with up to date
[Monday, 14-Nov-22 21:06:41 CET] Answered with up to date
[Monday, 14-Nov-22 21:06:44 CET] Answered with up to date
[Monday, 14-Nov-22 21:06:46 CET] Answered with up to date
[Monday, 14-Nov-22 21:06:48 CET] Answered with up to date
[Monday, 14-Nov-22 21:06:50 CET] Answered with up to date
[Monday, 14-Nov-22 21:06:52 CET] Answered with up to date
[Monday, 14-Nov-22 21:06:54 CET] Answered with up to date
[Monday, 14-Nov-22 21:06:56 CET] Answered with up to date
[Monday, 14-Nov-22 21:06:58 CET] Answered with up to date
[Monday, 14-Nov-22 21:07:00 CET] Answered with up to date
[Monday, 14-Nov-22 21:07:02 CET] Answered with up to date
[Monday, 14-Nov-22 21:07:04 CET] Answered with up to date
[Monday, 14-Nov-22 21:07:06 CET] Answered with up to date
[Monday, 14-Nov-22 21:07:08 CET] Answered with up to date
[Monday, 14-Nov-22 21:07:10 CET] Answered with up to date
[Monday, 14-Nov-22 21:07:12 CET] Answered with up to date
[Monday, 14-Nov-22 21:07:14 CET] Answered with up to date
[Monday, 14-Nov-22 21:07:16 CET] Answered with up to date
[Monday, 14-Nov-22 21:07:18 CET] Answered with up to date
[Monday, 14-Nov-22 21:07:20 CET] Answered with up to date
[Monday, 14-Nov-22 21:07:22 CET] Answered with up to date
[Monday, 14-Nov-22 21:07:24 CET] Answered with up to date
[Monday, 14-Nov-22 21:07:26 CET] Answered with up to date
[Monday, 14-Nov-22 21:07:28 CET] Answered with up to date
[Monday, 14-Nov-22 21:07:30 CET] Answered with up to date
[Monday, 14-Nov-22 21:07:32 CET] Answered with up to date
[Monday, 14-Nov-22 21:07:34 CET] Answered with up to date
[Monday, 14-Nov-22 21:07:36 CET] Answered with up to date
[Monday, 14-Nov-22 21:07:38 CET] Answered with up to date
[Monday, 14-Nov-22 21:07:40 CET] Answered with up to date
[Monday, 14-Nov-22 21:07:42 CET] Answered with up to date
[Monday, 14-Nov-22 21:07:44 CET] Answered with up to date
[Monday, 14-Nov-22 21:07:46 CET] Answered with up to date
[Monday, 14-Nov-22 21:07:48 CET] Answered with up to date
[Monday, 14-Nov-22 21:07:50 CET] Answered with up to date
[Monday, 14-Nov-22 21:07:52 CET] Answered with up to date
[Monday, 14-Nov-22 21:07:54 CET] Answered with up to date
[Monday, 14-Nov-22 21:07:57 CET] Answered with up to date
[Monday, 14-Nov-22 21:07:59 CET] Answered with up to date
[Monday, 14-Nov-22 21:08:01 CET] Answered with up to date
[Monday, 14-Nov-22 21:08:03 CET] Answered with up to date
[Monday, 14-Nov-22 21:08:05 CET] Answered with up to date
[Monday, 14-Nov-22 21:08:07 CET] Answered with up to date
[Monday, 14-Nov-22 21:08:09 CET] Answered with up to date
[Monday, 14-Nov-22 21:08:11 CET] Answered with up to date
[Monday, 14-Nov-22 21:08:13 CET] Answered with up to date
[Monday, 14-Nov-22 21:08:15 CET] Answered with up to date
[Monday, 14-Nov-22 21:08:17 CET] Answered with up to date
[Monday, 14-Nov-22 21:08:19 CET] Answered with up to date
[Monday, 14-Nov-22 21:08:21 CET] Answered with up to date
[Monday, 14-Nov-22 21:08:23 CET] Answered with up to date
[Monday, 14-Nov-22 21:08:25 CET] Answered with up to date
[Monday, 14-Nov-22 21:08:27 CET] Answered with up to date
[Monday, 14-Nov-22 21:08:29 CET] Answered with up to date
[Monday, 14-Nov-22 21:08:31 CET] Answered with up to date
[Monday, 14-Nov-22 21:08:33 CET] Answered with up to date
[Monday, 14-Nov-22 21:08:35 CET] Answered with up to date
[Monday, 14-Nov-22 21:08:37 CET] Answered with up to date
[Monday, 14-Nov-22 21:08:39 CET] Answered with up to date
[Monday, 14-Nov-22 21:08:41 CET] Answered with up to date
[Monday, 14-Nov-22 21:08:43 CET] Answered with up to date
[Monday, 14-Nov-22 21:08:45 CET] Answered with up to date
[Monday, 14-Nov-22 21:08:47 CET] Answered with up to date
[Monday, 14-Nov-22 21:08:49 CET] Answered with up to date
[Monday, 14-Nov-22 21:08:53 CET] Answered with up to date
[Monday, 14-Nov-22 21:08:55 CET] Answered with up to date
[Monday, 14-Nov-22 21:08:59 CET] Answered with up to date
[Monday, 14-Nov-22 21:09:02 CET] Answered with up to date
[Monday, 14-Nov-22 21:09:05 CET] Answered with up to date
[Monday, 14-Nov-22 21:09:07 CET] Answered with up to date
[Monday, 14-Nov-22 21:09:09 CET] Answered with up to date
[Monday, 14-Nov-22 21:09:11 CET] Answered with up to date
[Monday, 14-Nov-22 21:09:13 CET] Answered with up to date
[Monday, 14-Nov-22 21:09:15 CET] Answered with up to date
[Monday, 14-Nov-22 21:09:17 CET] Answered with up to date
[Monday, 14-Nov-22 21:09:19 CET] Answered with up to date
[Monday, 14-Nov-22 21:09:21 CET] Answered with up to date
[Monday, 14-Nov-22 21:09:23 CET] Answered with up to date
[Monday, 14-Nov-22 21:09:25 CET] Answered with up to date
[Monday, 14-Nov-22 21:09:27 CET] Answered with up to date
[Monday, 14-Nov-22 21:09:29 CET] Answered with up to date
[Monday, 14-Nov-22 21:09:31 CET] Answered with up to date
[Monday, 14-Nov-22 21:09:33 CET] Answered with up to date
[Monday, 14-Nov-22 21:09:35 CET] Answered with up to date
[Monday, 14-Nov-22 21:09:37 CET] Answered with up to date
[Monday, 14-Nov-22 21:09:37 CET] Received / with GET method 
[Monday, 14-Nov-22 21:09:37 CET] Answered with index.html
[Monday, 14-Nov-22 21:09:37 CET] Received /BestGroup/static/images/defaultprofile.we with GET method 
[Monday, 14-Nov-22 21:09:37 CET] Answered with index.html
[Monday, 14-Nov-22 21:09:39 CET] Received /schedule with GET method 
[Monday, 14-Nov-22 21:09:39 CET] Received /BestGroup/static/images/defaultprofile.we with GET method 
[Monday, 14-Nov-22 21:09:39 CET] Answered with index.html
[Monday, 14-Nov-22 21:12:58 CET] Received / with GET method 
[Monday, 14-Nov-22 21:12:58 CET] Answered with index.html
[Monday, 14-Nov-22 21:12:58 CET] Received /BestGroup/static/images/defaultprofile.we with GET method 
[Monday, 14-Nov-22 21:12:58 CET] Answered with index.html
[Monday, 14-Nov-22 21:13:30 CET] Received / with GET method 
[Monday, 14-Nov-22 21:13:30 CET] Answered with index.html
[Monday, 14-Nov-22 21:13:30 CET] Received /BestGroup/static/images/defaultprofile.we with GET method 
[Monday, 14-Nov-22 21:13:30 CET] Answered with index.html
[Monday, 14-Nov-22 21:52:36 CET] Received / with GET method 
[Monday, 14-Nov-22 21:53:06 CET] Received / with HEAD method 
[Monday, 14-Nov-22 21:53:07 CET] Received / with GET method 
[Monday, 14-Nov-22 21:53:08 CET] Received /BestGroup/static/images/defaultprofile.we with GET method 
[Monday, 14-Nov-22 23:16:11 CET] Received / with GET method 
[Monday, 14-Nov-22 23:24:44 CET] Received /version with GET method 
[Monday, 14-Nov-22 23:41:37 CET] Received /BestGroup/static/images/defaultprofile.we with GET method 
[Monday, 14-Nov-22 23:42:57 CET] Received /solr/ with GET method 
[Tuesday, 15-Nov-22 00:30:46 CET] Received /Telerik.Web.UI.WebResource.axd with GET method 
[Tuesday, 15-Nov-22 00:35:53 CET] Received /explore with GET method 
[Tuesday, 15-Nov-22 02:45:16 CET] Received /.env with GET method 
[Tuesday, 15-Nov-22 03:21:43 CET] Received /remote/fgt_lang with GET method 
[Tuesday, 15-Nov-22 03:22:41 CET] Received / with GET method 
[Tuesday, 15-Nov-22 03:23:32 CET] Received /remote/fgt_lang with GET method 
[Tuesday, 15-Nov-22 03:35:37 CET] Received / with GET method 
[Tuesday, 15-Nov-22 03:36:15 CET] Received / with GET method 
[Tuesday, 15-Nov-22 03:36:17 CET] Received /BestGroup/static/images/defaultprofile.we with GET method 
[Tuesday, 15-Nov-22 03:36:21 CET] Received /robots.txt with GET method 
[Tuesday, 15-Nov-22 04:27:11 CET] Received /owa/auth/logon.aspx with GET method 
[Tuesday, 15-Nov-22 04:48:50 CET] Received / with GET method 
[Tuesday, 15-Nov-22 05:24:18 CET] Received /remote/login with GET method 
[Tuesday, 15-Nov-22 06:06:28 CET] Received / with GET method 
[Tuesday, 15-Nov-22 08:08:14 CET] Received /js/zimbraMail/share/model/ZmSettings.js with GET method 
[Tuesday, 15-Nov-22 10:12:34 CET] Received / with GET method 
[Tuesday, 15-Nov-22 10:12:35 CET] Received / with GET method 
[Tuesday, 15-Nov-22 10:12:37 CET] Received /BestGroup/static/images/defaultprofile.we with GET method 
[Tuesday, 15-Nov-22 10:28:54 CET] Received / with GET method 
[Tuesday, 15-Nov-22 10:54:57 CET] Received /BestGroup/static/images/defaultprofile.we with GET method 
[Tuesday, 15-Nov-22 10:54:57 CET] Received / with GET method 
[Tuesday, 15-Nov-22 10:58:26 CET] Received / with GET method 
[Tuesday, 15-Nov-22 11:21:58 CET] Received / with GET method 
[Tuesday, 15-Nov-22 11:58:45 CET] Received / with GET method 
[Tuesday, 15-Nov-22 12:01:51 CET] Received / with GET method 
[Tuesday, 15-Nov-22 13:07:02 CET] Received /ab2g with GET method 
[Tuesday, 15-Nov-22 13:07:02 CET] Received /ab2h with GET method 
[Tuesday, 15-Nov-22 13:07:06 CET] Received / with GET method 
[Tuesday, 15-Nov-22 14:00:58 CET] Received /explore with GET method 
[Tuesday, 15-Nov-22 14:04:57 CET] Received / with GET method 
[Tuesday, 15-Nov-22 14:04:58 CET] Received /BestGroup/static/images/defaultprofile.we with GET method 
[Tuesday, 15-Nov-22 14:05:10 CET] Received / with GET method 
[Tuesday, 15-Nov-22 14:05:10 CET] Answered with index.html
[Tuesday, 15-Nov-22 14:05:10 CET] Received /BestGroup/static/images/defaultprofile.we with GET method 
[Tuesday, 15-Nov-22 14:05:10 CET] Answered with index.html
[Tuesday, 15-Nov-22 14:10:53 CET] Received / with GET method 
[Tuesday, 15-Nov-22 14:23:52 CET] Received /actuator/gateway/routes with GET method 
[Tuesday, 15-Nov-22 14:27:50 CET] Received / with GET method 
[Tuesday, 15-Nov-22 15:19:13 CET] Received / with GET method 
[Thursday, 17-Nov-22 11:13:54 CET] Received / with GET method 
[Thursday, 17-Nov-22 11:13:55 CET] Received /BestGroup/static/images/defaultprofile.we with GET method 
[Thursday, 17-Nov-22 11:14:17 CET] Received / with GET method 
[Thursday, 17-Nov-22 11:14:30 CET] Received / with GET method 
[Thursday, 17-Nov-22 11:14:33 CET] Received /BestGroup/static/images/defaultprofile.we with GET method 
[Thursday, 17-Nov-22 11:47:23 CET] Answered with http2: stream closed
[Thursday, 17-Nov-22 11:47:23 CET] Answered with client disconnected
[Thursday, 17-Nov-22 11:55:25 CET] Answered with client disconnected
[Thursday, 17-Nov-22 11:55:25 CET] Answered with client disconnected
[Thursday, 17-Nov-22 11:55:25 CET] Answered with client disconnected
[Thursday, 17-Nov-22 11:57:26 CET] Received /BestGroup/static/images/defaultprofile.we with GET method 
[Thursday, 17-Nov-22 11:57:42 CET] Received / with GET method 
[Thursday, 17-Nov-22 11:57:43 CET] Received / with GET method 
[Thursday, 17-Nov-22 11:57:43 CET] Received / with GET method 
[Thursday, 17-Nov-22 11:57:44 CET] Received / with GET method 
[Thursday, 17-Nov-22 11:57:44 CET] Received / with GET method 
[Thursday, 17-Nov-22 11:57:44 CET] Received / with GET method 
[Thursday, 17-Nov-22 11:57:45 CET] Received / with GET method 
[Thursday, 17-Nov-22 11:57:45 CET] Received / with GET method 
[Thursday, 17-Nov-22 11:57:45 CET] Received / with GET method 
[Thursday, 17-Nov-22 12:01:20 CET] Received / with GET method 
[Thursday, 17-Nov-22 12:01:21 CET] Received /BestGroup/static/images/defaultprofile.we with GET method 
[Thursday, 17-Nov-22 12:01:21 CET] Received / with GET method 
[Thursday, 17-Nov-22 12:01:22 CET] Received / with GET method 
[Thursday, 17-Nov-22 12:01:23 CET] Received / with GET method 
[Thursday, 17-Nov-22 12:01:23 CET] Received / with GET method 
[Thursday, 17-Nov-22 12:01:29 CET] Received / with GET method 
[Thursday, 17-Nov-22 12:01:29 CET] Answered with index.html
[Thursday, 17-Nov-22 12:01:29 CET] Received /BestGroup/static/images/defaultprofile.we with GET method 
[Thursday, 17-Nov-22 12:01:29 CET] Answered with http2: stream closed
[Thursday, 17-Nov-22 12:01:29 CET] Answered with index.html
[Thursday, 17-Nov-22 12:02:13 CET] Received / with GET method 
[Thursday, 17-Nov-22 12:02:13 CET] Answered with index.html
[Thursday, 17-Nov-22 12:04:29 CET] Received / with GET method 
[Thursday, 17-Nov-22 12:11:39 CET] Received /BestGroup/static/images/defaultprofile.we with GET method 
[Thursday, 17-Nov-22 12:11:45 CET] Received / with GET method 
[Thursday, 17-Nov-22 12:12:21 CET] Received /robots.txt with GET method 
[Thursday, 17-Nov-22 12:16:00 CET] Received / with GET method 
[Thursday, 17-Nov-22 12:16:00 CET] Received / with GET method 
[Thursday, 17-Nov-22 12:16:00 CET] Received / with GET method 
[Thursday, 17-Nov-22 12:16:00 CET] Received / with GET method 
[Thursday, 17-Nov-22 12:16:00 CET] Received / with GET method 
[Thursday, 17-Nov-22 12:16:00 CET] Received / with GET method 
[Thursday, 17-Nov-22 12:16:00 CET] Received / with GET method 
[Thursday, 17-Nov-22 12:16:00 CET] Received / with GET method 
[Thursday, 17-Nov-22 12:16:00 CET] Received / with GET method 
[Thursday, 17-Nov-22 12:16:01 CET] Received / with GET method 
[Thursday, 17-Nov-22 12:16:01 CET] Received / with GET method 
[Thursday, 17-Nov-22 12:16:01 CET] Received / with GET method 
[Thursday, 17-Nov-22 12:16:01 CET] Received / with GET method 
[Thursday, 17-Nov-22 12:16:01 CET] Received / with GET method 
[Thursday, 17-Nov-22 12:16:01 CET] Received /BestGroup/static/images/defaultprofile.we with GET method 
[Thursday, 17-Nov-22 12:16:01 CET] Received /BestGroup/static/images/defaultprofile.we with GET method 
[Thursday, 17-Nov-22 12:16:01 CET] Received / with GET method 
[Thursday, 17-Nov-22 12:16:01 CET] Received / with GET method 
[Thursday, 17-Nov-22 12:16:02 CET] Received /BestGroup/static/images/defaultprofile.we with GET method 
[Thursday, 17-Nov-22 12:16:02 CET] Received /BestGroup/static/images/defaultprofile.we with GET method 
[Thursday, 17-Nov-22 12:16:02 CET] Received /BestGroup/static/images/defaultprofile.we with GET method 
[Thursday, 17-Nov-22 12:16:02 CET] Received /BestGroup/static/images/defaultprofile.we with GET method 
[Thursday, 17-Nov-22 12:16:03 CET] Received /BestGroup/static/images/defaultprofile.we with GET method 
[Thursday, 17-Nov-22 12:16:03 CET] Received /BestGroup/static/images/defaultprofile.we with GET method 
[Thursday, 17-Nov-22 12:16:03 CET] Received /BestGroup/static/images/defaultprofile.we with GET method 
[Thursday, 17-Nov-22 12:16:03 CET] Received /BestGroup/static/images/defaultprofile.we with GET method 
[Thursday, 17-Nov-22 12:16:03 CET] Received /BestGroup/static/images/defaultprofile.we with GET method 
[Thursday, 17-Nov-22 12:16:03 CET] Received /BestGroup/static/images/defaultprofile.we with GET method 
[Thursday, 17-Nov-22 12:16:03 CET] Received /BestGroup/static/images/defaultprofile.we with GET method 
[Thursday, 17-Nov-22 12:16:03 CET] Received /BestGroup/static/images/defaultprofile.we with GET method 
[Thursday, 17-Nov-22 12:16:03 CET] Received /BestGroup/static/images/defaultprofile.we with GET method 
[Thursday, 17-Nov-22 12:16:03 CET] Received /BestGroup/static/images/defaultprofile.we with GET method 
[Thursday, 17-Nov-22 12:16:07 CET] Received / with GET method 
[Thursday, 17-Nov-22 12:16:07 CET] Received / with GET method 
[Thursday, 17-Nov-22 12:16:07 CET] Received / with GET method 
[Thursday, 17-Nov-22 12:16:07 CET] Received / with GET method 
[Thursday, 17-Nov-22 12:16:08 CET] Received / with GET method 
[Thursday, 17-Nov-22 12:16:08 CET] Received / with GET method 
[Thursday, 17-Nov-22 12:16:08 CET] Received / with GET method 
[Thursday, 17-Nov-22 12:16:08 CET] Received / with GET method 
[Thursday, 17-Nov-22 12:16:08 CET] Received / with GET method 
[Thursday, 17-Nov-22 12:16:08 CET] Received / with GET method 
[Thursday, 17-Nov-22 12:16:08 CET] Received / with GET method 
[Thursday, 17-Nov-22 12:16:08 CET] Received / with GET method 
[Thursday, 17-Nov-22 12:16:08 CET] Received /BestGroup/static/images/defaultprofile.we with GET method 
[Thursday, 17-Nov-22 12:16:08 CET] Received /BestGroup/static/images/defaultprofile.we with GET method 
[Thursday, 17-Nov-22 12:16:08 CET] Received /BestGroup/static/images/defaultprofile.we with GET method 
[Thursday, 17-Nov-22 12:16:08 CET] Received /BestGroup/static/images/defaultprofile.we with GET method 
[Thursday, 17-Nov-22 12:16:08 CET] Received / with GET method 
[Thursday, 17-Nov-22 12:16:08 CET] Received / with GET method 
[Thursday, 17-Nov-22 12:16:08 CET] Received / with GET method 
[Thursday, 17-Nov-22 12:16:08 CET] Received / with GET method 
[Thursday, 17-Nov-22 12:16:09 CET] Received /BestGroup/static/images/defaultprofile.we with GET method 
[Thursday, 17-Nov-22 12:16:09 CET] Received /BestGroup/static/images/defaultprofile.we with GET method 
[Thursday, 17-Nov-22 12:16:09 CET] Received /BestGroup/static/images/defaultprofile.we with GET method 
[Thursday, 17-Nov-22 12:16:09 CET] Received /BestGroup/static/images/defaultprofile.we with GET method 
[Thursday, 17-Nov-22 12:16:09 CET] Received /BestGroup/static/images/defaultprofile.we with GET method 
[Thursday, 17-Nov-22 12:16:10 CET] Received /BestGroup/static/images/defaultprofile.we with GET method 
[Thursday, 17-Nov-22 12:16:10 CET] Received /BestGroup/static/images/defaultprofile.we with GET method 
[Thursday, 17-Nov-22 12:16:10 CET] Received /BestGroup/static/images/defaultprofile.we with GET method 
[Thursday, 17-Nov-22 12:16:10 CET] Received /BestGroup/static/images/defaultprofile.we with GET method 
[Thursday, 17-Nov-22 12:16:10 CET] Received /BestGroup/static/images/defaultprofile.we with GET method 
[Thursday, 17-Nov-22 12:16:10 CET] Received /BestGroup/static/images/defaultprofile.we with GET method 
[Thursday, 17-Nov-22 12:16:10 CET] Received /BestGroup/static/images/defaultprofile.we with GET method 
[Thursday, 17-Nov-22 12:16:12 CET] Received / with GET method 
[Thursday, 17-Nov-22 12:16:12 CET] Received / with GET method 
[Thursday, 17-Nov-22 12:16:12 CET] Received / with GET method 
[Thursday, 17-Nov-22 12:16:12 CET] Received / with GET method 
[Thursday, 17-Nov-22 12:16:13 CET] Received / with GET method 
[Thursday, 17-Nov-22 12:16:13 CET] Received / with GET method 
[Thursday, 17-Nov-22 12:16:13 CET] Received /BestGroup/static/images/defaultprofile.we with GET method 
[Thursday, 17-Nov-22 12:16:14 CET] Received / with GET method 
[Thursday, 17-Nov-22 12:16:14 CET] Received /BestGroup/static/images/defaultprofile.we with GET method 
[Thursday, 17-Nov-22 12:16:14 CET] Received /BestGroup/static/images/defaultprofile.we with GET method 
[Thursday, 17-Nov-22 12:16:14 CET] Received /BestGroup/static/images/defaultprofile.we with GET method 
[Thursday, 17-Nov-22 12:16:14 CET] Received / with GET method 
[Thursday, 17-Nov-22 12:16:14 CET] Received / with GET method 
[Thursday, 17-Nov-22 12:16:14 CET] Received / with GET method 
[Thursday, 17-Nov-22 12:16:14 CET] Received / with GET method 
[Thursday, 17-Nov-22 12:16:14 CET] Received / with GET method 
[Thursday, 17-Nov-22 12:16:14 CET] Received / with GET method 
[Thursday, 17-Nov-22 12:16:14 CET] Received / with GET method 
[Thursday, 17-Nov-22 12:16:14 CET] Received / with GET method 
[Thursday, 17-Nov-22 12:16:15 CET] Received /BestGroup/static/images/defaultprofile.we with GET method 
[Thursday, 17-Nov-22 12:16:15 CET] Received /BestGroup/static/images/defaultprofile.we with GET method 
[Thursday, 17-Nov-22 12:16:15 CET] Received /BestGroup/static/images/defaultprofile.we with GET method 
[Thursday, 17-Nov-22 12:16:15 CET] Received / with GET method 
[Thursday, 17-Nov-22 12:16:15 CET] Received /BestGroup/static/images/defaultprofile.we with GET method 
[Thursday, 17-Nov-22 12:16:15 CET] Received /BestGroup/static/images/defaultprofile.we with GET method 
[Thursday, 17-Nov-22 12:16:15 CET] Received /BestGroup/static/images/defaultprofile.we with GET method 
[Thursday, 17-Nov-22 12:16:15 CET] Received /BestGroup/static/images/defaultprofile.we with GET method 
[Thursday, 17-Nov-22 12:16:15 CET] Received /BestGroup/static/images/defaultprofile.we with GET method 
[Thursday, 17-Nov-22 12:16:15 CET] Received /BestGroup/static/images/defaultprofile.we with GET method 
[Thursday, 17-Nov-22 12:16:15 CET] Received /BestGroup/static/images/defaultprofile.we with GET method 
[Thursday, 17-Nov-22 12:16:15 CET] Received /BestGroup/static/images/defaultprofile.we with GET method 
[Thursday, 17-Nov-22 12:16:15 CET] Received /BestGroup/static/images/defaultprofile.we with GET method 
[Thursday, 17-Nov-22 12:16:17 CET] Received / with GET method 
[Thursday, 17-Nov-22 12:16:17 CET] Received / with GET method 
[Thursday, 17-Nov-22 12:16:17 CET] Received / with GET method 
[Thursday, 17-Nov-22 12:16:17 CET] Received / with GET method 
[Thursday, 17-Nov-22 12:16:19 CET] Received / with GET method 
[Thursday, 17-Nov-22 12:16:19 CET] Received /BestGroup/static/images/defaultprofile.we with GET method 
[Thursday, 17-Nov-22 12:16:19 CET] Received /BestGroup/static/images/defaultprofile.we with GET method 
[Thursday, 17-Nov-22 12:16:19 CET] Received / with GET method 
[Thursday, 17-Nov-22 12:16:19 CET] Received / with GET method 
[Thursday, 17-Nov-22 12:16:19 CET] Received / with GET method 
[Thursday, 17-Nov-22 12:16:19 CET] Received / with GET method 
[Thursday, 17-Nov-22 12:16:19 CET] Received / with GET method 
[Thursday, 17-Nov-22 12:16:19 CET] Received / with GET method 
[Thursday, 17-Nov-22 12:16:19 CET] Received / with GET method 
[Thursday, 17-Nov-22 12:16:19 CET] Received / with GET method 
[Thursday, 17-Nov-22 12:16:19 CET] Received /BestGroup/static/images/defaultprofile.we with GET method 
[Thursday, 17-Nov-22 12:16:20 CET] Received / with GET method 
[Thursday, 17-Nov-22 12:16:20 CET] Received /BestGroup/static/images/defaultprofile.we with GET method 
[Thursday, 17-Nov-22 12:16:20 CET] Received /BestGroup/static/images/defaultprofile.we with GET method 
[Thursday, 17-Nov-22 12:16:20 CET] Received / with GET method 
[Thursday, 17-Nov-22 12:16:20 CET] Received /BestGroup/static/images/defaultprofile.we with GET method 
[Thursday, 17-Nov-22 12:16:21 CET] Received / with GET method 
[Thursday, 17-Nov-22 12:16:21 CET] Received /BestGroup/static/images/defaultprofile.we with GET method 
[Thursday, 17-Nov-22 12:16:21 CET] Received /BestGroup/static/images/defaultprofile.we with GET method 
[Thursday, 17-Nov-22 12:16:21 CET] Received /BestGroup/static/images/defaultprofile.we with GET method 
[Thursday, 17-Nov-22 12:16:21 CET] Received /BestGroup/static/images/defaultprofile.we with GET method 
[Thursday, 17-Nov-22 12:16:21 CET] Received /BestGroup/static/images/defaultprofile.we with GET method 
[Thursday, 17-Nov-22 12:16:21 CET] Received /BestGroup/static/images/defaultprofile.we with GET method 
[Thursday, 17-Nov-22 12:16:21 CET] Received /BestGroup/static/images/defaultprofile.we with GET method 
[Thursday, 17-Nov-22 12:16:22 CET] Received /BestGroup/static/images/defaultprofile.we with GET method 
[Thursday, 17-Nov-22 12:16:22 CET] Received /BestGroup/static/images/defaultprofile.we with GET method 
[Thursday, 17-Nov-22 12:16:22 CET] Received /BestGroup/static/images/defaultprofile.we with GET method 
[Thursday, 17-Nov-22 12:16:23 CET] Received / with GET method 
[Thursday, 17-Nov-22 12:16:23 CET] Received / with GET method 
[Thursday, 17-Nov-22 12:16:23 CET] Received / with GET method 
[Thursday, 17-Nov-22 12:16:23 CET] Received / with GET method 
[Thursday, 17-Nov-22 12:16:23 CET] Received / with GET method 
[Thursday, 17-Nov-22 12:16:23 CET] Received /BestGroup/static/images/defaultprofile.we with GET method 
[Thursday, 17-Nov-22 12:16:23 CET] Received /BestGroup/static/images/defaultprofile.we with GET method 
[Thursday, 17-Nov-22 12:16:24 CET] Received / with GET method 
[Thursday, 17-Nov-22 12:16:25 CET] Received /BestGroup/static/images/defaultprofile.we with GET method 
[Thursday, 17-Nov-22 12:16:25 CET] Received / with GET method 
[Thursday, 17-Nov-22 12:16:25 CET] Received /BestGroup/static/images/defaultprofile.we with GET method 
[Thursday, 17-Nov-22 12:16:25 CET] Received / with GET method 
[Thursday, 17-Nov-22 12:16:25 CET] Received / with GET method 
[Thursday, 17-Nov-22 12:16:25 CET] Received / with GET method 
[Thursday, 17-Nov-22 12:16:25 CET] Received / with GET method 
[Thursday, 17-Nov-22 12:16:25 CET] Received / with GET method 
[Thursday, 17-Nov-22 12:16:25 CET] Received / with GET method 
[Thursday, 17-Nov-22 12:16:25 CET] Received /BestGroup/static/images/defaultprofile.we with GET method 
[Thursday, 17-Nov-22 12:16:25 CET] Received /BestGroup/static/images/defaultprofile.we with GET method 
[Thursday, 17-Nov-22 12:16:25 CET] Received /BestGroup/static/images/defaultprofile.we with GET method 
[Thursday, 17-Nov-22 12:16:26 CET] Received / with GET method 
[Thursday, 17-Nov-22 12:16:26 CET] Received / with GET method 
[Thursday, 17-Nov-22 12:16:26 CET] Received / with GET method 
[Thursday, 17-Nov-22 12:16:27 CET] Received / with GET method 
[Thursday, 17-Nov-22 12:16:27 CET] Received /BestGroup/static/images/defaultprofile.we with GET method 
[Thursday, 17-Nov-22 12:16:27 CET] Received / with GET method 
[Thursday, 17-Nov-22 12:16:27 CET] Received /BestGroup/static/images/defaultprofile.we with GET method 
[Thursday, 17-Nov-22 12:16:27 CET] Received /BestGroup/static/images/defaultprofile.we with GET method 
[Thursday, 17-Nov-22 12:16:27 CET] Received /BestGroup/static/images/defaultprofile.we with GET method 
[Thursday, 17-Nov-22 12:16:27 CET] Received /BestGroup/static/images/defaultprofile.we with GET method 
[Thursday, 17-Nov-22 12:16:27 CET] Received /BestGroup/static/images/defaultprofile.we with GET method 
[Thursday, 17-Nov-22 12:16:27 CET] Received /BestGroup/static/images/defaultprofile.we with GET method 
[Thursday, 17-Nov-22 12:16:27 CET] Received /BestGroup/static/images/defaultprofile.we with GET method 
[Thursday, 17-Nov-22 12:16:27 CET] Received /BestGroup/static/images/defaultprofile.we with GET method 
[Thursday, 17-Nov-22 12:16:28 CET] Received /BestGroup/static/images/defaultprofile.we with GET method 
[Thursday, 17-Nov-22 12:16:28 CET] Received /BestGroup/static/images/defaultprofile.we with GET method 
[Thursday, 17-Nov-22 12:16:28 CET] Received / with GET method 
[Thursday, 17-Nov-22 12:16:28 CET] Received / with GET method 
[Thursday, 17-Nov-22 12:16:29 CET] Received / with GET method 
[Thursday, 17-Nov-22 12:16:29 CET] Received / with GET method 
[Thursday, 17-Nov-22 12:16:29 CET] Received /BestGroup/static/images/defaultprofile.we with GET method 
[Thursday, 17-Nov-22 12:16:29 CET] Received / with GET method 
[Thursday, 17-Nov-22 12:16:29 CET] Received /BestGroup/static/images/defaultprofile.we with GET method 
[Thursday, 17-Nov-22 12:16:29 CET] Received /BestGroup/static/images/defaultprofile.we with GET method 
[Thursday, 17-Nov-22 12:16:29 CET] Received /BestGroup/static/images/defaultprofile.we with GET method 
[Thursday, 17-Nov-22 12:16:29 CET] Received /BestGroup/static/images/defaultprofile.we with GET method 
[Thursday, 17-Nov-22 12:16:31 CET] Received / with GET method 
[Thursday, 17-Nov-22 12:16:31 CET] Received / with GET method 
[Thursday, 17-Nov-22 12:16:31 CET] Received / with GET method 
[Thursday, 17-Nov-22 12:16:31 CET] Received / with GET method 
[Thursday, 17-Nov-22 12:16:32 CET] Received / with GET method 
[Thursday, 17-Nov-22 12:16:32 CET] Received / with GET method 
[Thursday, 17-Nov-22 12:16:32 CET] Received / with GET method 
[Thursday, 17-Nov-22 12:16:32 CET] Received / with GET method 
[Thursday, 17-Nov-22 12:16:32 CET] Received / with GET method 
[Thursday, 17-Nov-22 12:16:32 CET] Received / with GET method 
[Thursday, 17-Nov-22 12:16:32 CET] Received / with GET method 
[Thursday, 17-Nov-22 12:16:33 CET] Received / with GET method 
[Thursday, 17-Nov-22 12:16:33 CET] Received / with GET method 
[Thursday, 17-Nov-22 12:16:33 CET] Received / with GET method 
[Thursday, 17-Nov-22 12:16:33 CET] Received /BestGroup/static/images/defaultprofile.we with GET method 
[Thursday, 17-Nov-22 12:16:33 CET] Received / with GET method 
[Thursday, 17-Nov-22 12:16:33 CET] Received / with GET method 
[Thursday, 17-Nov-22 12:16:33 CET] Received /BestGroup/static/images/defaultprofile.we with GET method 
[Thursday, 17-Nov-22 12:16:33 CET] Received /BestGroup/static/images/defaultprofile.we with GET method 
[Thursday, 17-Nov-22 12:16:33 CET] Received /BestGroup/static/images/defaultprofile.we with GET method 
[Thursday, 17-Nov-22 12:16:33 CET] Received /BestGroup/static/images/defaultprofile.we with GET method 
[Thursday, 17-Nov-22 12:16:34 CET] Received /BestGroup/static/images/defaultprofile.we with GET method 
[Thursday, 17-Nov-22 12:16:34 CET] Received /BestGroup/static/images/defaultprofile.we with GET method 
[Thursday, 17-Nov-22 12:16:34 CET] Received /BestGroup/static/images/defaultprofile.we with GET method 
[Thursday, 17-Nov-22 12:16:34 CET] Received /BestGroup/static/images/defaultprofile.we with GET method 
[Thursday, 17-Nov-22 12:16:34 CET] Received /BestGroup/static/images/defaultprofile.we with GET method 
[Thursday, 17-Nov-22 12:16:34 CET] Received /BestGroup/static/images/defaultprofile.we with GET method 
[Thursday, 17-Nov-22 12:16:34 CET] Received /BestGroup/static/images/defaultprofile.we with GET method 
[Thursday, 17-Nov-22 12:16:34 CET] Received /BestGroup/static/images/defaultprofile.we with GET method 
[Thursday, 17-Nov-22 12:16:34 CET] Received /BestGroup/static/images/defaultprofile.we with GET method 
[Thursday, 17-Nov-22 12:16:34 CET] Received /BestGroup/static/images/defaultprofile.we with GET method 
[Thursday, 17-Nov-22 12:16:34 CET] Received /BestGroup/static/images/defaultprofile.we with GET method 
[Thursday, 17-Nov-22 12:16:37 CET] Received / with GET method 
[Thursday, 17-Nov-22 12:16:37 CET] Received / with GET method 
[Thursday, 17-Nov-22 12:16:37 CET] Received / with GET method 
[Thursday, 17-Nov-22 12:16:38 CET] Received / with GET method 
[Thursday, 17-Nov-22 12:16:39 CET] Received / with GET method 
[Thursday, 17-Nov-22 12:16:39 CET] Received / with GET method 
[Thursday, 17-Nov-22 12:16:39 CET] Received / with GET method 
[Thursday, 17-Nov-22 12:16:39 CET] Received / with GET method 
[Thursday, 17-Nov-22 12:16:39 CET] Received / with GET method 
[Thursday, 17-Nov-22 12:16:39 CET] Received / with GET method 
[Thursday, 17-Nov-22 12:16:39 CET] Received / with GET method 
[Thursday, 17-Nov-22 12:16:39 CET] Received / with GET method 
[Thursday, 17-Nov-22 12:16:39 CET] Received / with GET method 
[Thursday, 17-Nov-22 12:16:39 CET] Received / with GET method 
[Thursday, 17-Nov-22 12:16:39 CET] Received /BestGroup/static/images/defaultprofile.we with GET method 
[Thursday, 17-Nov-22 12:16:39 CET] Received /BestGroup/static/images/defaultprofile.we with GET method 
[Thursday, 17-Nov-22 12:16:39 CET] Received / with GET method 
[Thursday, 17-Nov-22 12:16:39 CET] Received / with GET method 
[Thursday, 17-Nov-22 12:16:39 CET] Received /BestGroup/static/images/defaultprofile.we with GET method 
[Thursday, 17-Nov-22 12:16:39 CET] Received /BestGroup/static/images/defaultprofile.we with GET method 
[Thursday, 17-Nov-22 12:16:39 CET] Received /BestGroup/static/images/defaultprofile.we with GET method 
[Thursday, 17-Nov-22 12:16:39 CET] Received /BestGroup/static/images/defaultprofile.we with GET method 
[Thursday, 17-Nov-22 12:16:40 CET] Received /BestGroup/static/images/defaultprofile.we with GET method 
[Thursday, 17-Nov-22 12:16:40 CET] Received /BestGroup/static/images/defaultprofile.we with GET method 
[Thursday, 17-Nov-22 12:16:40 CET] Received /BestGroup/static/images/defaultprofile.we with GET method 
[Thursday, 17-Nov-22 12:16:40 CET] Received /BestGroup/static/images/defaultprofile.we with GET method 
[Thursday, 17-Nov-22 12:16:40 CET] Received /BestGroup/static/images/defaultprofile.we with GET method 
[Thursday, 17-Nov-22 12:16:40 CET] Received /BestGroup/static/images/defaultprofile.we with GET method 
[Thursday, 17-Nov-22 12:16:40 CET] Received /BestGroup/static/images/defaultprofile.we with GET method 
[Thursday, 17-Nov-22 12:16:40 CET] Received /BestGroup/static/images/defaultprofile.we with GET method 
[Thursday, 17-Nov-22 12:16:41 CET] Received /BestGroup/static/images/defaultprofile.we with GET method 
[Thursday, 17-Nov-22 12:16:41 CET] Received /BestGroup/static/images/defaultprofile.we with GET method 
[Thursday, 17-Nov-22 12:18:56 CET] Received / with GET method 
[Thursday, 17-Nov-22 12:18:56 CET] Received / with GET method 
[Thursday, 17-Nov-22 12:18:56 CET] Received / with GET method 
[Thursday, 17-Nov-22 12:18:56 CET] Received / with GET method 
[Thursday, 17-Nov-22 12:18:57 CET] Received / with GET method 
[Thursday, 17-Nov-22 12:18:57 CET] Received / with GET method 
[Thursday, 17-Nov-22 12:18:57 CET] Received / with GET method 
[Thursday, 17-Nov-22 12:18:57 CET] Received / with GET method 
[Thursday, 17-Nov-22 12:18:57 CET] Received / with GET method 
[Thursday, 17-Nov-22 12:18:57 CET] Received / with GET method 
[Thursday, 17-Nov-22 12:18:57 CET] Received / with GET method 
[Thursday, 17-Nov-22 12:18:57 CET] Received / with GET method 
[Thursday, 17-Nov-22 12:18:57 CET] Received / with GET method 
[Thursday, 17-Nov-22 12:18:57 CET] Received /BestGroup/static/images/defaultprofile.we with GET method 
[Thursday, 17-Nov-22 12:18:57 CET] Received / with GET method 
[Thursday, 17-Nov-22 12:18:57 CET] Received /BestGroup/static/images/defaultprofile.we with GET method 
[Thursday, 17-Nov-22 12:18:57 CET] Received / with GET method 
[Thursday, 17-Nov-22 12:18:57 CET] Received / with GET method 
[Thursday, 17-Nov-22 12:18:58 CET] Received /BestGroup/static/images/defaultprofile.we with GET method 
[Thursday, 17-Nov-22 12:18:58 CET] Received /BestGroup/static/images/defaultprofile.we with GET method 
[Thursday, 17-Nov-22 12:18:59 CET] Received /BestGroup/static/images/defaultprofile.we with GET method 
[Thursday, 17-Nov-22 12:18:59 CET] Received /BestGroup/static/images/defaultprofile.we with GET method 
[Thursday, 17-Nov-22 12:18:59 CET] Received / with GET method 
[Thursday, 17-Nov-22 12:18:59 CET] Received / with GET method 
[Thursday, 17-Nov-22 12:18:59 CET] Received /BestGroup/static/images/defaultprofile.we with GET method 
[Thursday, 17-Nov-22 12:18:59 CET] Received /BestGroup/static/images/defaultprofile.we with GET method 
[Thursday, 17-Nov-22 12:18:59 CET] Received /BestGroup/static/images/defaultprofile.we with GET method 
[Thursday, 17-Nov-22 12:19:00 CET] Received /BestGroup/static/images/defaultprofile.we with GET method 
[Thursday, 17-Nov-22 12:19:00 CET] Received / with GET method 
[Thursday, 17-Nov-22 12:19:00 CET] Received / with GET method 
[Thursday, 17-Nov-22 12:19:00 CET] Received / with GET method 
[Thursday, 17-Nov-22 12:19:00 CET] Received / with GET method 
[Thursday, 17-Nov-22 12:19:00 CET] Received /BestGroup/static/images/defaultprofile.we with GET method 
[Thursday, 17-Nov-22 12:19:00 CET] Received / with GET method 
[Thursday, 17-Nov-22 12:19:00 CET] Received / with GET method 
[Thursday, 17-Nov-22 12:19:00 CET] Received /BestGroup/static/images/defaultprofile.we with GET method 
[Thursday, 17-Nov-22 12:19:00 CET] Received /BestGroup/static/images/defaultprofile.we with GET method 
[Thursday, 17-Nov-22 12:19:01 CET] Received / with GET method 
[Thursday, 17-Nov-22 12:19:01 CET] Received /BestGroup/static/images/defaultprofile.we with GET method 
[Thursday, 17-Nov-22 12:19:01 CET] Received /BestGroup/static/images/defaultprofile.we with GET method 
[Thursday, 17-Nov-22 12:19:01 CET] Received /BestGroup/static/images/defaultprofile.we with GET method 
[Thursday, 17-Nov-22 12:19:01 CET] Received /BestGroup/static/images/defaultprofile.we with GET method 
[Thursday, 17-Nov-22 12:19:01 CET] Received /BestGroup/static/images/defaultprofile.we with GET method 
[Thursday, 17-Nov-22 12:19:02 CET] Received / with GET method 
[Thursday, 17-Nov-22 12:19:02 CET] Received /BestGroup/static/images/defaultprofile.we with GET method 
[Thursday, 17-Nov-22 12:19:03 CET] Received / with GET method 
[Thursday, 17-Nov-22 12:19:03 CET] Received / with GET method 
[Thursday, 17-Nov-22 12:19:03 CET] Received /BestGroup/static/images/defaultprofile.we with GET method 
[Thursday, 17-Nov-22 12:19:03 CET] Received / with GET method 
[Thursday, 17-Nov-22 12:19:03 CET] Received / with GET method 
[Thursday, 17-Nov-22 12:19:03 CET] Received /BestGroup/static/images/defaultprofile.we with GET method 
[Thursday, 17-Nov-22 12:19:03 CET] Received / with GET method 
[Thursday, 17-Nov-22 12:19:03 CET] Received /BestGroup/static/images/defaultprofile.we with GET method 
[Thursday, 17-Nov-22 12:19:03 CET] Received /BestGroup/static/images/defaultprofile.we with GET method 
[Thursday, 17-Nov-22 12:19:04 CET] Received /BestGroup/static/images/defaultprofile.we with GET method 
[Thursday, 17-Nov-22 12:19:04 CET] Received / with GET method 
[Thursday, 17-Nov-22 12:19:04 CET] Received / with GET method 
[Thursday, 17-Nov-22 12:19:04 CET] Received / with GET method 
[Thursday, 17-Nov-22 12:19:04 CET] Received / with GET method 
[Thursday, 17-Nov-22 12:19:04 CET] Received /BestGroup/static/images/defaultprofile.we with GET method 
[Thursday, 17-Nov-22 12:19:05 CET] Received /BestGroup/static/images/defaultprofile.we with GET method 
[Thursday, 17-Nov-22 12:19:06 CET] Received / with GET method 
[Thursday, 17-Nov-22 12:19:07 CET] Received /BestGroup/static/images/defaultprofile.we with GET method 
[Thursday, 17-Nov-22 12:19:07 CET] Received /BestGroup/static/images/defaultprofile.we with GET method 
[Thursday, 17-Nov-22 12:19:07 CET] Received /BestGroup/static/images/defaultprofile.we with GET method 
[Thursday, 17-Nov-22 12:19:07 CET] Received / with GET method 
[Thursday, 17-Nov-22 12:19:07 CET] Received / with GET method 
[Thursday, 17-Nov-22 12:19:07 CET] Received / with GET method 
[Thursday, 17-Nov-22 12:19:07 CET] Received / with GET method 
[Thursday, 17-Nov-22 12:19:08 CET] Received /BestGroup/static/images/defaultprofile.we with GET method 
[Thursday, 17-Nov-22 12:19:08 CET] Received /BestGroup/static/images/defaultprofile.we with GET method 
[Thursday, 17-Nov-22 12:19:08 CET] Received /BestGroup/static/images/defaultprofile.we with GET method 
[Thursday, 17-Nov-22 12:19:08 CET] Received /BestGroup/static/images/defaultprofile.we with GET method 
[Thursday, 17-Nov-22 12:19:09 CET] Received / with GET method 
[Thursday, 17-Nov-22 12:19:09 CET] Received / with GET method 
[Thursday, 17-Nov-22 12:19:09 CET] Received /BestGroup/static/images/defaultprofile.we with GET method 
[Thursday, 17-Nov-22 12:19:09 CET] Received /BestGroup/static/images/defaultprofile.we with GET method 
[Thursday, 17-Nov-22 12:19:10 CET] Received /BestGroup/static/images/defaultprofile.we with GET method 
[Thursday, 17-Nov-22 12:19:12 CET] Received / with GET method 
[Thursday, 17-Nov-22 12:19:12 CET] Received / with GET method 
[Thursday, 17-Nov-22 12:19:12 CET] Received / with GET method 
[Thursday, 17-Nov-22 12:19:12 CET] Received /BestGroup/static/images/defaultprofile.we with GET method 
[Thursday, 17-Nov-22 12:19:12 CET] Received /BestGroup/static/images/defaultprofile.we with GET method 
[Thursday, 17-Nov-22 12:19:12 CET] Received /BestGroup/static/images/defaultprofile.we with GET method 
[Thursday, 17-Nov-22 12:19:12 CET] Received /BestGroup/static/images/defaultprofile.we with GET method 
[Thursday, 17-Nov-22 12:19:12 CET] Received / with GET method 
[Thursday, 17-Nov-22 12:19:12 CET] Received /BestGroup/static/images/defaultprofile.we with GET method 
[Thursday, 17-Nov-22 12:19:13 CET] Received /BestGroup/static/images/defaultprofile.we with GET method 
[Thursday, 17-Nov-22 12:19:13 CET] Received /BestGroup/static/images/defaultprofile.we with GET method 
[Thursday, 17-Nov-22 12:19:13 CET] Received /BestGroup/static/images/defaultprofile.we with GET method 
[Thursday, 17-Nov-22 12:19:13 CET] Received /BestGroup/static/images/defaultprofile.we with GET method 
[Thursday, 17-Nov-22 12:19:13 CET] Received /BestGroup/static/images/defaultprofile.we with GET method 
[Thursday, 17-Nov-22 12:19:14 CET] Received / with GET method 
[Thursday, 17-Nov-22 12:19:15 CET] Received / with GET method 
[Thursday, 17-Nov-22 12:19:15 CET] Received / with GET method 
[Thursday, 17-Nov-22 12:19:16 CET] Received / with GET method 
[Thursday, 17-Nov-22 12:19:16 CET] Received /BestGroup/static/images/defaultprofile.we with GET method 
[Thursday, 17-Nov-22 12:19:16 CET] Received / with GET method 
[Thursday, 17-Nov-22 12:19:18 CET] Received /BestGroup/static/images/defaultprofile.we with GET method 
[Thursday, 17-Nov-22 12:19:19 CET] Received /BestGroup/static/images/defaultprofile.we with GET method 
[Thursday, 17-Nov-22 12:19:19 CET] Received /BestGroup/static/images/defaultprofile.we with GET method 
[Thursday, 17-Nov-22 12:19:19 CET] Received /BestGroup/static/images/defaultprofile.we with GET method 
[Thursday, 17-Nov-22 12:19:20 CET] Received / with GET method 
[Thursday, 17-Nov-22 12:19:21 CET] Received /BestGroup/static/images/defaultprofile.we with GET method 
[Thursday, 17-Nov-22 12:19:22 CET] Received / with GET method 
[Thursday, 17-Nov-22 12:19:22 CET] Received / with GET method 
[Thursday, 17-Nov-22 12:19:22 CET] Received / with GET method 
[Thursday, 17-Nov-22 12:19:22 CET] Received / with GET method 
[Thursday, 17-Nov-22 12:19:23 CET] Received / with GET method 
[Thursday, 17-Nov-22 12:19:23 CET] Received /BestGroup/static/images/defaultprofile.we with GET method 
[Thursday, 17-Nov-22 12:19:23 CET] Received /BestGroup/static/images/defaultprofile.we with GET method 
[Thursday, 17-Nov-22 12:19:23 CET] Received /BestGroup/static/images/defaultprofile.we with GET method 
[Thursday, 17-Nov-22 12:19:23 CET] Received /BestGroup/static/images/defaultprofile.we with GET method 
[Thursday, 17-Nov-22 12:19:23 CET] Received /BestGroup/static/images/defaultprofile.we with GET method 
[Thursday, 17-Nov-22 12:19:25 CET] Received / with GET method 
[Thursday, 17-Nov-22 12:19:25 CET] Received / with GET method 
[Thursday, 17-Nov-22 12:19:25 CET] Received / with GET method 
[Thursday, 17-Nov-22 12:19:25 CET] Received / with GET method 
[Thursday, 17-Nov-22 12:19:25 CET] Received / with GET method 
[Thursday, 17-Nov-22 12:19:26 CET] Received /BestGroup/static/images/defaultprofile.we with GET method 
[Thursday, 17-Nov-22 12:19:26 CET] Received /BestGroup/static/images/defaultprofile.we with GET method 
[Thursday, 17-Nov-22 12:19:26 CET] Received /BestGroup/static/images/defaultprofile.we with GET method 
[Thursday, 17-Nov-22 12:19:26 CET] Received /BestGroup/static/images/defaultprofile.we with GET method 
[Thursday, 17-Nov-22 12:19:26 CET] Received /BestGroup/static/images/defaultprofile.we with GET method 
[Thursday, 17-Nov-22 12:19:32 CET] Received / with GET method 
[Thursday, 17-Nov-22 12:19:32 CET] Received /BestGroup/static/images/defaultprofile.we with GET method 
[Thursday, 17-Nov-22 13:08:17 CET] Received /explore with GET method 
[Thursday, 17-Nov-22 13:48:46 CET] Received / with GET method 
[Thursday, 17-Nov-22 13:48:46 CET] Received /BestGroup/static/images/defaultprofile.we with GET method 
[Thursday, 17-Nov-22 15:57:30 CET] Received / with GET method 
[Thursday, 17-Nov-22 15:57:30 CET] Received /BestGroup/static/images/defaultprofile.we with GET method 
[Friday, 18-Nov-22 18:06:12 CET] Received / with GET method 
[Friday, 18-Nov-22 18:06:27 CET] Received /BestGroup/static/images/defaultprofile.we with GET method 
[Friday, 18-Nov-22 18:06:31 CET] Received / with GET method 
[Friday, 18-Nov-22 18:06:31 CET] Answered with index.html
[Friday, 18-Nov-22 18:06:31 CET] Received /BestGroup/static/images/defaultprofile.we with GET method 
[Friday, 18-Nov-22 18:06:31 CET] Answered with index.html
[Friday, 18-Nov-22 18:33:26 CET] Received /BestGroup/static/images/defaultprofile.we with GET method 
[Friday, 18-Nov-22 18:33:26 CET] Answered with index.html
[Friday, 18-Nov-22 18:33:29 CET] Received /schedule with GET method 
[Friday, 18-Nov-22 18:33:29 CET] Received /BestGroup/static/images/defaultprofile.we with GET method 
[Friday, 18-Nov-22 18:33:29 CET] Answered with index.html
[Friday, 18-Nov-22 18:33:43 CET] Received /BestGroup/static/images/defaultprofile.we with GET method 
[Friday, 18-Nov-22 18:33:43 CET] Answered with index.html
[Friday, 18-Nov-22 18:40:18 CET] Received / with HEAD method 
[Friday, 18-Nov-22 18:40:20 CET] Received / with GET method 
[Friday, 18-Nov-22 18:40:24 CET] Received /BestGroup/static/images/defaultprofile.we with GET method 
[Friday, 18-Nov-22 18:57:46 CET] Received / with GET method 
[Friday, 18-Nov-22 18:57:49 CET] Received / with GET method 
[Friday, 18-Nov-22 18:57:51 CET] Received /BestGroup/static/images/defaultprofile.we with GET method 
[Friday, 18-Nov-22 18:57:55 CET] Received /robots.txt with GET method 
[Friday, 18-Nov-22 19:37:46 CET] Received / with GET method 
[Friday, 18-Nov-22 20:23:28 CET] Received / with GET method 
[Friday, 18-Nov-22 20:27:56 CET] Received / with GET method 
[Friday, 18-Nov-22 20:28:54 CET] Received / with GET method 
[Friday, 18-Nov-22 20:28:54 CET] Received /BestGroup/static/images/defaultprofile.we with GET method 
[Friday, 18-Nov-22 20:28:57 CET] Received / with GET method 
[Friday, 18-Nov-22 20:28:57 CET] Answered with index.html
[Friday, 18-Nov-22 20:28:57 CET] Received /BestGroup/static/images/defaultprofile.we with GET method 
[Friday, 18-Nov-22 20:28:57 CET] Answered with index.html
[Friday, 18-Nov-22 21:34:07 CET] Received / with GET method 
[Friday, 18-Nov-22 21:35:20 CET] Received /docker-compose.yml with GET method 
[Friday, 18-Nov-22 21:49:38 CET] Received / with GET method 
[Friday, 18-Nov-22 21:52:15 CET] Received /lora with GET method 
[Friday, 18-Nov-22 21:52:16 CET] Received /BestGroup/static/images/defaultprofile.we with GET method 
[Friday, 18-Nov-22 22:07:39 CET] Received /owa/auth/logon.aspx with GET method 
[Friday, 18-Nov-22 22:10:39 CET] Received /ecp/Current/exporttool/microsoft.exchange with GET method 
[Friday, 18-Nov-22 22:15:41 CET] Received /owa/auth/x.js with GET method 
[Saturday, 19-Nov-22 01:00:47 CET] Received /ab2g with GET method 
[Saturday, 19-Nov-22 01:00:47 CET] Received /ab2h with GET method 
[Saturday, 19-Nov-22 01:00:52 CET] Received / with GET method 
[Saturday, 19-Nov-22 01:39:38 CET] Received / with GET method 
[Saturday, 19-Nov-22 02:25:03 CET] Received /BestGroup/static/images/defaultprofile.we with GET method 
[Saturday, 19-Nov-22 21:42:55 CET] Received / with GET method 
[Saturday, 19-Nov-22 21:42:55 CET] Received /BestGroup/static/images/defaultprofile.we with GET method 
[Saturday, 19-Nov-22 21:43:01 CET] Received / with GET method 
[Saturday, 19-Nov-22 21:43:01 CET] Answered with index.html
[Saturday, 19-Nov-22 21:43:02 CET] Received /BestGroup/static/images/defaultprofile.we with GET method 
[Saturday, 19-Nov-22 21:43:02 CET] Answered with index.html
[Saturday, 19-Nov-22 21:44:33 CET] Received / with GET method 
[Saturday, 19-Nov-22 21:44:33 CET] Received /BestGroup/static/images/defaultprofile.we with GET method 
[Saturday, 19-Nov-22 21:44:37 CET] Received / with GET method 
[Saturday, 19-Nov-22 21:44:37 CET] Answered with index.html
[Saturday, 19-Nov-22 21:44:37 CET] Received /BestGroup/static/images/defaultprofile.we with GET method 
[Saturday, 19-Nov-22 21:44:37 CET] Answered with index.html
[Saturday, 19-Nov-22 21:44:41 CET] Received /lora with GET method 
[Saturday, 19-Nov-22 21:44:41 CET] Answered with lora.html
[Saturday, 19-Nov-22 21:44:41 CET] Received /BestGroup/static/images/defaultprofile.we with GET method 
[Saturday, 19-Nov-22 21:44:41 CET] Answered with index.html
[Saturday, 19-Nov-22 21:44:43 CET] Answered with up to date
[Saturday, 19-Nov-22 21:44:45 CET] Answered with up to date
[Saturday, 19-Nov-22 21:44:47 CET] Answered with up to date
[Saturday, 19-Nov-22 21:44:49 CET] Answered with up to date
[Saturday, 19-Nov-22 21:44:51 CET] Answered with up to date
[Saturday, 19-Nov-22 21:44:53 CET] Answered with up to date
[Saturday, 19-Nov-22 21:44:55 CET] Answered with up to date
[Saturday, 19-Nov-22 21:44:56 CET] Received /BestGroup/static/images/defaultprofile.we with GET method 
[Saturday, 19-Nov-22 21:44:56 CET] Answered with index.html
